2023-12-23T00:22:02.051-06:00  INFO 8468 --- [http-nio-8080-exec-1] o.l.A.A.c.AssetUploadController          : Fetching video details......
2023-12-23T00:22:02.798-06:00  INFO 8468 --- [http-nio-8080-exec-1] o.l.A.AssetUpload.video.VideoMetadata    : Fetching video thumbnails....
2023-12-23T00:22:02.799-06:00  INFO 8468 --- [http-nio-8080-exec-1] o.l.A.AssetUpload.video.VideoMetadata    : sourceList:[Source(hrn=MP4, type=html5/video/mp4, url=https://vod-cdn.lp-playback.studio/raw/jxf4iblf6wlsyor6526t4tcmtmqa/catalyst-vod-com/hls/09ee1iihioqf4zon/360p0.mp4, size=2191367, width=640, height=360, bitrate=119245), Source(hrn=HLS (TS), type=html5/application/vnd.apple.mpegurl, url=https://vod-cdn.lp-playback.studio/raw/jxf4iblf6wlsyor6526t4tcmtmqa/catalyst-vod-com/hls/09ee1iihioqf4zon/index.m3u8, size=null, width=null, height=null, bitrate=null), Source(hrn=Thumbnails, type=text/vtt, url=https://vod-cdn.lp-playback.studio/raw/jxf4iblf6wlsyor6526t4tcmtmqa/catalyst-vod-com/hls/09ee1iihioqf4zon/thumbnails/thumbnails.vtt, size=null, width=null, height=null, bitrate=null)] 
2023-12-23T00:22:02.821-06:00  INFO 8468 --- [http-nio-8080-exec-1] o.l.A.AssetUpload.video.VideoMetadata    : inside mp4
2023-12-23T00:22:02.823-06:00  INFO 8468 --- [http-nio-8080-exec-1] o.l.A.AssetUpload.video.VideoMetadata    : inside m3u8
2023-12-23T00:22:02.825-06:00  INFO 8468 --- [http-nio-8080-exec-1] o.l.A.AssetUpload.video.VideoMetadata    : inside vtt
2023-12-23T00:22:02.827-06:00  INFO 8468 --- [http-nio-8080-exec-1] o.l.A.AssetUpload.video.VideoMetadata    : New video
2023-12-23T00:22:02.828-06:00  INFO 8468 --- [http-nio-8080-exec-1] o.l.A.AssetUpload.service.VttReader      : Converting vtt to images....
2023-12-23T00:22:03.399-06:00  INFO 8468 --- [http-nio-8080-exec-1] o.l.A.AssetUpload.video.VideoMetadata    : ***thumbNails produced***
2023-12-23T00:22:03.400-06:00  INFO 8468 --- [http-nio-8080-exec-1] o.l.A.A.c.AssetUploadController          : Asset ready: UploadDetails(id=04d1b0f1-0eea-46d4-9399-63feecf92be3, assetId=pkee192e-20d9-480e-a3fd-feba453554fa, livepeer=true, playbackId=09ee1iihioqf4zon, playbackURL=https://vod-cdn.lp-playback.studio/raw/jxf4iblf6wlsyor6526t4tcmtmqa/catalyst-vod-com/hls/09ee1iihioqf4zon/index.m3u8, source=[MP4(hrn=MP4, type=video/mp4, url=https://vod-cdn.lp-playback.studio/raw/jxf4iblf6wlsyor6526t4tcmtmqa/catalyst-vod-com/hls/09ee1iihioqf4zon/360p0.mp4, size=2191367, width=640, height=360, bitrate=119245)], thumbnails=[Thumbnail(start=0, end=10000, filename=https://vod-cdn.lp-playback.studio/raw/jxf4iblf6wlsyor6526t4tcmtmqa/catalyst-vod-com/hls/09ee1iihioqf4zon/thumbnails/keyframes_0.jpg), Thumbnail(start=10000, end=20000, filename=https://vod-cdn.lp-playback.studio/raw/jxf4iblf6wlsyor6526t4tcmtmqa/catalyst-vod-com/hls/09ee1iihioqf4zon/thumbnails/keyframes_1.jpg), Thumbnail(start=20000, end=30000, filename=https://vod-cdn.lp-playback.studio/raw/jxf4iblf6wlsyor6526t4tcmtmqa/catalyst-vod-com/hls/09ee1iihioqf4zon/thumbnails/keyframes_2.jpg), Thumbnail(start=30000, end=40000, filename=https://vod-cdn.lp-playback.studio/raw/jxf4iblf6wlsyor6526t4tcmtmqa/catalyst-vod-com/hls/09ee1iihioqf4zon/thumbnails/keyframes_3.jpg), Thumbnail(start=40000, end=50000, filename=https://vod-cdn.lp-playback.studio/raw/jxf4iblf6wlsyor6526t4tcmtmqa/catalyst-vod-com/hls/09ee1iihioqf4zon/thumbnails/keyframes_4.jpg), Thumbnail(start=50000, end=100000, filename=https://vod-cdn.lp-playback.studio/raw/jxf4iblf6wlsyor6526t4tcmtmqa/catalyst-vod-com/hls/09ee1iihioqf4zon/thumbnails/keyframes_5.jpg), Thumbnail(start=100000, end=107000, filename=https://vod-cdn.lp-playback.studio/raw/jxf4iblf6wlsyor6526t4tcmtmqa/catalyst-vod-com/hls/09ee1iihioqf4zon/thumbnails/keyframes_6.jpg)], transcodingCompleted=true, timestamp=1703312523400)
2023-12-23T00:22:03.578-06:00  INFO 8468 --- [SpringApplicationShutdownHook] org.mongodb.driver.cluster               : Cluster closed with id ClusterId{value='65867703842df17d4dccdcad', description='null'}
2023-12-23T00:22:50.517-06:00  INFO 6132 --- [main] o.l.A.A.AssetUploadApplication           : Starting AssetUploadApplication using Java 20.0.1 with PID 6132 (C:\orb\AssetUpload\AssetUpload\target\classes started by Prajyot Karnik in C:\orb\AssetUpload\AssetUpload)
2023-12-23T00:22:50.521-06:00  INFO 6132 --- [main] o.l.A.A.AssetUploadApplication           : No active profile set, falling back to 1 default profile: "default"
2023-12-23T00:22:51.429-06:00  INFO 6132 --- [main] .s.d.r.c.RepositoryConfigurationDelegate : Bootstrapping Spring Data MongoDB repositories in DEFAULT mode.
2023-12-23T00:22:51.523-06:00  INFO 6132 --- [main] .s.d.r.c.RepositoryConfigurationDelegate : Finished Spring Data repository scanning in 87 ms. Found 1 MongoDB repository interface.
2023-12-23T00:22:52.430-06:00  INFO 6132 --- [main] o.s.b.w.embedded.tomcat.TomcatWebServer  : Tomcat initialized with port 8080 (http)
2023-12-23T00:22:52.444-06:00  INFO 6132 --- [main] o.apache.catalina.core.StandardService   : Starting service [Tomcat]
2023-12-23T00:22:52.444-06:00  INFO 6132 --- [main] o.apache.catalina.core.StandardEngine    : Starting Servlet engine: [Apache Tomcat/10.1.16]
2023-12-23T00:22:52.517-06:00  INFO 6132 --- [main] o.a.c.c.C.[Tomcat].[localhost].[/]       : Initializing Spring embedded WebApplicationContext
2023-12-23T00:22:52.518-06:00  INFO 6132 --- [main] w.s.c.ServletWebServerApplicationContext : Root WebApplicationContext: initialization completed in 1922 ms
2023-12-23T00:22:52.823-06:00  INFO 6132 --- [main] org.mongodb.driver.cluster               : Cluster created with id ClusterId{value='65867cbce635747895dab9e9', description='null'} and settings {hosts=[127.0.0.1:27017], srvHost=orb-user-db.bxckw.mongodb.net, mode=LOAD_BALANCED, requiredClusterType=UNKNOWN, serverSelectionTimeout='30000 ms'}
2023-12-23T00:22:52.846-06:00  INFO 6132 --- [cluster-ClusterId{value='65867cbce635747895dab9e9', description='null'}-srv-orb-user-db.bxckw.mongodb.net] org.mongodb.driver.cluster               : SRV resolution completed with hosts: [orb-user-db-lb.bxckw.mongodb.net:27017]
2023-12-23T00:22:52.869-06:00  INFO 6132 --- [main] org.mongodb.driver.client                : MongoClient with metadata {"driver": {"name": "mongo-java-driver|sync|spring-boot", "version": "4.11.1"}, "os": {"type": "Windows", "name": "Windows 10", "architecture": "amd64", "version": "10.0"}, "platform": "Java/Oracle Corporation/20.0.1+9-29"} created with settings MongoClientSettings{readPreference=primary, writeConcern=WriteConcern{w=majority, wTimeout=null ms, journal=null}, retryWrites=true, retryReads=true, readConcern=ReadConcern{level=null}, credential=MongoCredential{mechanism=null, userName='livepeer-webhook', source='admin', password=<hidden>, mechanismProperties=<hidden>}, transportSettings=null, streamFactoryFactory=null, commandListeners=[], codecRegistry=ProvidersCodecRegistry{codecProviders=[ValueCodecProvider{}, BsonValueCodecProvider{}, DBRefCodecProvider{}, DBObjectCodecProvider{}, DocumentCodecProvider{}, CollectionCodecProvider{}, IterableCodecProvider{}, MapCodecProvider{}, GeoJsonCodecProvider{}, GridFSFileCodecProvider{}, Jsr310CodecProvider{}, JsonObjectCodecProvider{}, BsonCodecProvider{}, EnumCodecProvider{}, com.mongodb.client.model.mql.ExpressionCodecProvider@4d09cade, com.mongodb.Jep395RecordCodecProvider@1f87607c, com.mongodb.KotlinCodecProvider@4b862408]}, loggerSettings=LoggerSettings{maxDocumentLength=1000}, clusterSettings={hosts=[127.0.0.1:27017], srvHost=orb-user-db.bxckw.mongodb.net, srvServiceName=mongodb, mode=LOAD_BALANCED, requiredClusterType=UNKNOWN, requiredReplicaSetName='null', serverSelector='null', clusterListeners='[]', serverSelectionTimeout='30000 ms', localThreshold='15 ms'}, socketSettings=SocketSettings{connectTimeoutMS=10000, readTimeoutMS=0, receiveBufferSize=0, proxySettings=ProxySettings{host=null, port=null, username=null, password=null}}, heartbeatSocketSettings=SocketSettings{connectTimeoutMS=10000, readTimeoutMS=10000, receiveBufferSize=0, proxySettings=ProxySettings{host=null, port=null, username=null, password=null}}, connectionPoolSettings=ConnectionPoolSettings{maxSize=100, minSize=0, maxWaitTimeMS=120000, maxConnectionLifeTimeMS=0, maxConnectionIdleTimeMS=0, maintenanceInitialDelayMS=0, maintenanceFrequencyMS=60000, connectionPoolListeners=[], maxConnecting=2}, serverSettings=ServerSettings{heartbeatFrequencyMS=10000, minHeartbeatFrequencyMS=500, serverListeners='[]', serverMonitorListeners='[]'}, sslSettings=SslSettings{enabled=true, invalidHostNameAllowed=false, context=null}, applicationName='null', compressorList=[], uuidRepresentation=JAVA_LEGACY, serverApi=null, autoEncryptionSettings=null, dnsClient=null, inetAddressResolver=null, contextProvider=null}
2023-12-23T00:22:54.116-06:00  INFO 6132 --- [main] o.s.b.w.embedded.tomcat.TomcatWebServer  : Tomcat started on port 8080 (http) with context path ''
2023-12-23T00:22:54.123-06:00  INFO 6132 --- [main] o.l.A.A.AssetUploadApplication           : Started AssetUploadApplication in 4.319 seconds (process running for 5.049)
2023-12-23T00:22:59.839-06:00  INFO 6132 --- [http-nio-8080-exec-1] o.a.c.c.C.[Tomcat].[localhost].[/]       : Initializing Spring DispatcherServlet 'dispatcherServlet'
2023-12-23T00:22:59.839-06:00  INFO 6132 --- [http-nio-8080-exec-1] o.s.web.servlet.DispatcherServlet        : Initializing Servlet 'dispatcherServlet'
2023-12-23T00:22:59.841-06:00  INFO 6132 --- [http-nio-8080-exec-1] o.s.web.servlet.DispatcherServlet        : Completed initialization in 1 ms
2023-12-23T00:22:59.898-06:00  INFO 6132 --- [http-nio-8080-exec-1] o.l.A.A.c.AssetUploadController          : Received asset notification: {"id":"dbee0e42-688a-4b31-b572-a3d9da443b04","webhookId":"0206f5cf-cbbb-4ca8-8f88-a3c45bf8a1b2","createdAt":1702889596336,"timestamp":1702889597640,"event":"asset.ready","payload":{"id":"bafybeih5zmqed3rl3ryhtvuunkmypuelcrepkvmljc5x3usqcegb3kipim","snapshot":{}}}
 
2023-12-23T00:23:05.860-06:00  INFO 6132 --- [http-nio-8080-exec-1] o.l.A.A.c.AssetUploadController          : Asset uploaded {"id":"dbee0e42-688a-4b31-b572-a3d9da443b04","webhookId":"0206f5cf-cbbb-4ca8-8f88-a3c45bf8a1b2","createdAt":1702889596336,"timestamp":1702889597640,"event":"asset.ready","payload":{"id":"bafybeih5zmqed3rl3ryhtvuunkmypuelcrepkvmljc5x3usqcegb3kipim","snapshot":{}}}

2023-12-23T00:24:12.678-06:00  INFO 6132 --- [http-nio-8080-exec-1] o.l.A.A.c.AssetUploadController          : Fetching video details......
2023-12-23T00:25:11.643-06:00  INFO 6132 --- [http-nio-8080-exec-4] o.l.A.A.c.AssetUploadController          : Received asset notification: {"id":"dbee0e42-688a-4b31-b572-a3d9da443b04","webhookId":"0206f5cf-cbbb-4ca8-8f88-a3c45bf8a1b2","createdAt":1702889596336,"timestamp":1702889597640,"event":"asset.ready","payload":{"id":"93c87c93-b529-4df0-b006-70e4931d959e","snapshot":{}}}
 
2023-12-23T00:25:11.644-06:00  INFO 6132 --- [http-nio-8080-exec-4] o.l.A.A.c.AssetUploadController          : Asset uploaded {"id":"dbee0e42-688a-4b31-b572-a3d9da443b04","webhookId":"0206f5cf-cbbb-4ca8-8f88-a3c45bf8a1b2","createdAt":1702889596336,"timestamp":1702889597640,"event":"asset.ready","payload":{"id":"93c87c93-b529-4df0-b006-70e4931d959e","snapshot":{}}}

2023-12-23T00:25:11.655-06:00 ERROR 6132 --- [http-nio-8080-exec-1] o.a.c.c.C.[.[.[/].[dispatcherServlet]    : Servlet.service() for servlet [dispatcherServlet] in context with path [] threw exception [Request processing failed: java.lang.NullPointerException: Cannot invoke "orb.livepeer.AssetUploadListner.AssetUpload.model.UploadDetails.getPlaybackId()" because "asset" is null] with root cause

java.lang.NullPointerException: Cannot invoke "orb.livepeer.AssetUploadListner.AssetUpload.model.UploadDetails.getPlaybackId()" because "asset" is null
	at orb.livepeer.AssetUploadListner.AssetUpload.controller.AssetUploadController.assetReadyNotification(AssetUploadController.java:59) ~[classes/:na]
	at java.base/jdk.internal.reflect.DirectMethodHandleAccessor.invoke(DirectMethodHandleAccessor.java:104) ~[na:na]
	at java.base/java.lang.reflect.Method.invoke(Method.java:578) ~[na:na]
	at org.springframework.web.method.support.InvocableHandlerMethod.doInvoke(InvocableHandlerMethod.java:254) ~[spring-web-6.1.1.jar:6.1.1]
	at org.springframework.web.method.support.InvocableHandlerMethod.invokeForRequest(InvocableHandlerMethod.java:182) ~[spring-web-6.1.1.jar:6.1.1]
	at org.springframework.web.servlet.mvc.method.annotation.ServletInvocableHandlerMethod.invokeAndHandle(ServletInvocableHandlerMethod.java:118) ~[spring-webmvc-6.1.1.jar:6.1.1]
	at org.springframework.web.servlet.mvc.method.annotation.RequestMappingHandlerAdapter.invokeHandlerMethod(RequestMappingHandlerAdapter.java:917) ~[spring-webmvc-6.1.1.jar:6.1.1]
	at org.springframework.web.servlet.mvc.method.annotation.RequestMappingHandlerAdapter.handleInternal(RequestMappingHandlerAdapter.java:829) ~[spring-webmvc-6.1.1.jar:6.1.1]
	at org.springframework.web.servlet.mvc.method.AbstractHandlerMethodAdapter.handle(AbstractHandlerMethodAdapter.java:87) ~[spring-webmvc-6.1.1.jar:6.1.1]
	at org.springframework.web.servlet.DispatcherServlet.doDispatch(DispatcherServlet.java:1089) ~[spring-webmvc-6.1.1.jar:6.1.1]
	at org.springframework.web.servlet.DispatcherServlet.doService(DispatcherServlet.java:979) ~[spring-webmvc-6.1.1.jar:6.1.1]
	at org.springframework.web.servlet.FrameworkServlet.processRequest(FrameworkServlet.java:1014) ~[spring-webmvc-6.1.1.jar:6.1.1]
	at org.springframework.web.servlet.FrameworkServlet.doPost(FrameworkServlet.java:914) ~[spring-webmvc-6.1.1.jar:6.1.1]
	at jakarta.servlet.http.HttpServlet.service(HttpServlet.java:590) ~[tomcat-embed-core-10.1.16.jar:6.0]
	at org.springframework.web.servlet.FrameworkServlet.service(FrameworkServlet.java:885) ~[spring-webmvc-6.1.1.jar:6.1.1]
	at jakarta.servlet.http.HttpServlet.service(HttpServlet.java:658) ~[tomcat-embed-core-10.1.16.jar:6.0]
	at org.apache.catalina.core.ApplicationFilterChain.internalDoFilter(ApplicationFilterChain.java:205) ~[tomcat-embed-core-10.1.16.jar:10.1.16]
	at org.apache.catalina.core.ApplicationFilterChain.doFilter(ApplicationFilterChain.java:149) ~[tomcat-embed-core-10.1.16.jar:10.1.16]
	at org.apache.tomcat.websocket.server.WsFilter.doFilter(WsFilter.java:51) ~[tomcat-embed-websocket-10.1.16.jar:10.1.16]
	at org.apache.catalina.core.ApplicationFilterChain.internalDoFilter(ApplicationFilterChain.java:174) ~[tomcat-embed-core-10.1.16.jar:10.1.16]
	at org.apache.catalina.core.ApplicationFilterChain.doFilter(ApplicationFilterChain.java:149) ~[tomcat-embed-core-10.1.16.jar:10.1.16]
	at org.springframework.web.filter.RequestContextFilter.doFilterInternal(RequestContextFilter.java:100) ~[spring-web-6.1.1.jar:6.1.1]
	at org.springframework.web.filter.OncePerRequestFilter.doFilter(OncePerRequestFilter.java:116) ~[spring-web-6.1.1.jar:6.1.1]
	at org.apache.catalina.core.ApplicationFilterChain.internalDoFilter(ApplicationFilterChain.java:174) ~[tomcat-embed-core-10.1.16.jar:10.1.16]
	at org.apache.catalina.core.ApplicationFilterChain.doFilter(ApplicationFilterChain.java:149) ~[tomcat-embed-core-10.1.16.jar:10.1.16]
	at org.springframework.web.filter.FormContentFilter.doFilterInternal(FormContentFilter.java:93) ~[spring-web-6.1.1.jar:6.1.1]
	at org.springframework.web.filter.OncePerRequestFilter.doFilter(OncePerRequestFilter.java:116) ~[spring-web-6.1.1.jar:6.1.1]
	at org.apache.catalina.core.ApplicationFilterChain.internalDoFilter(ApplicationFilterChain.java:174) ~[tomcat-embed-core-10.1.16.jar:10.1.16]
	at org.apache.catalina.core.ApplicationFilterChain.doFilter(ApplicationFilterChain.java:149) ~[tomcat-embed-core-10.1.16.jar:10.1.16]
	at org.springframework.web.filter.CharacterEncodingFilter.doFilterInternal(CharacterEncodingFilter.java:201) ~[spring-web-6.1.1.jar:6.1.1]
	at org.springframework.web.filter.OncePerRequestFilter.doFilter(OncePerRequestFilter.java:116) ~[spring-web-6.1.1.jar:6.1.1]
	at org.apache.catalina.core.ApplicationFilterChain.internalDoFilter(ApplicationFilterChain.java:174) ~[tomcat-embed-core-10.1.16.jar:10.1.16]
	at org.apache.catalina.core.ApplicationFilterChain.doFilter(ApplicationFilterChain.java:149) ~[tomcat-embed-core-10.1.16.jar:10.1.16]
	at org.apache.catalina.core.StandardWrapperValve.invoke(StandardWrapperValve.java:167) ~[tomcat-embed-core-10.1.16.jar:10.1.16]
	at org.apache.catalina.core.StandardContextValve.invoke(StandardContextValve.java:90) ~[tomcat-embed-core-10.1.16.jar:10.1.16]
	at org.apache.catalina.authenticator.AuthenticatorBase.invoke(AuthenticatorBase.java:482) ~[tomcat-embed-core-10.1.16.jar:10.1.16]
	at org.apache.catalina.core.StandardHostValve.invoke(StandardHostValve.java:115) ~[tomcat-embed-core-10.1.16.jar:10.1.16]
	at org.apache.catalina.valves.ErrorReportValve.invoke(ErrorReportValve.java:93) ~[tomcat-embed-core-10.1.16.jar:10.1.16]
	at org.apache.catalina.core.StandardEngineValve.invoke(StandardEngineValve.java:74) ~[tomcat-embed-core-10.1.16.jar:10.1.16]
	at org.apache.catalina.connector.CoyoteAdapter.service(CoyoteAdapter.java:340) ~[tomcat-embed-core-10.1.16.jar:10.1.16]
	at org.apache.coyote.http11.Http11Processor.service(Http11Processor.java:391) ~[tomcat-embed-core-10.1.16.jar:10.1.16]
	at org.apache.coyote.AbstractProcessorLight.process(AbstractProcessorLight.java:63) ~[tomcat-embed-core-10.1.16.jar:10.1.16]
	at org.apache.coyote.AbstractProtocol$ConnectionHandler.process(AbstractProtocol.java:896) ~[tomcat-embed-core-10.1.16.jar:10.1.16]
	at org.apache.tomcat.util.net.NioEndpoint$SocketProcessor.doRun(NioEndpoint.java:1744) ~[tomcat-embed-core-10.1.16.jar:10.1.16]
	at org.apache.tomcat.util.net.SocketProcessorBase.run(SocketProcessorBase.java:52) ~[tomcat-embed-core-10.1.16.jar:10.1.16]
	at org.apache.tomcat.util.threads.ThreadPoolExecutor.runWorker(ThreadPoolExecutor.java:1191) ~[tomcat-embed-core-10.1.16.jar:10.1.16]
	at org.apache.tomcat.util.threads.ThreadPoolExecutor$Worker.run(ThreadPoolExecutor.java:659) ~[tomcat-embed-core-10.1.16.jar:10.1.16]
	at org.apache.tomcat.util.threads.TaskThread$WrappingRunnable.run(TaskThread.java:61) ~[tomcat-embed-core-10.1.16.jar:10.1.16]
	at java.base/java.lang.Thread.run(Thread.java:1623) ~[na:na]

2023-12-23T00:25:11.804-06:00  INFO 6132 --- [SpringApplicationShutdownHook] org.mongodb.driver.cluster               : Cluster closed with id ClusterId{value='65867cbce635747895dab9e9', description='null'}
2023-12-23T00:25:16.821-06:00  INFO 28836 --- [main] o.l.A.A.AssetUploadApplication           : Starting AssetUploadApplication using Java 20.0.1 with PID 28836 (C:\orb\AssetUpload\AssetUpload\target\classes started by Prajyot Karnik in C:\orb\AssetUpload\AssetUpload)
2023-12-23T00:25:16.825-06:00  INFO 28836 --- [main] o.l.A.A.AssetUploadApplication           : No active profile set, falling back to 1 default profile: "default"
2023-12-23T00:25:18.003-06:00  INFO 28836 --- [main] .s.d.r.c.RepositoryConfigurationDelegate : Bootstrapping Spring Data MongoDB repositories in DEFAULT mode.
2023-12-23T00:25:18.106-06:00  INFO 28836 --- [main] .s.d.r.c.RepositoryConfigurationDelegate : Finished Spring Data repository scanning in 92 ms. Found 1 MongoDB repository interface.
2023-12-23T00:25:18.878-06:00  INFO 28836 --- [main] o.s.b.w.embedded.tomcat.TomcatWebServer  : Tomcat initialized with port 8080 (http)
2023-12-23T00:25:18.888-06:00  INFO 28836 --- [main] o.apache.catalina.core.StandardService   : Starting service [Tomcat]
2023-12-23T00:25:18.888-06:00  INFO 28836 --- [main] o.apache.catalina.core.StandardEngine    : Starting Servlet engine: [Apache Tomcat/10.1.16]
2023-12-23T00:25:18.971-06:00  INFO 28836 --- [main] o.a.c.c.C.[Tomcat].[localhost].[/]       : Initializing Spring embedded WebApplicationContext
2023-12-23T00:25:18.972-06:00  INFO 28836 --- [main] w.s.c.ServletWebServerApplicationContext : Root WebApplicationContext: initialization completed in 2047 ms
2023-12-23T00:25:19.283-06:00  INFO 28836 --- [main] org.mongodb.driver.cluster               : Cluster created with id ClusterId{value='65867d4f4a14e13df7918f3a', description='null'} and settings {hosts=[127.0.0.1:27017], srvHost=orb-user-db.bxckw.mongodb.net, mode=LOAD_BALANCED, requiredClusterType=UNKNOWN, serverSelectionTimeout='30000 ms'}
2023-12-23T00:25:19.322-06:00  INFO 28836 --- [main] org.mongodb.driver.client                : MongoClient with metadata {"driver": {"name": "mongo-java-driver|sync|spring-boot", "version": "4.11.1"}, "os": {"type": "Windows", "name": "Windows 10", "architecture": "amd64", "version": "10.0"}, "platform": "Java/Oracle Corporation/20.0.1+9-29"} created with settings MongoClientSettings{readPreference=primary, writeConcern=WriteConcern{w=majority, wTimeout=null ms, journal=null}, retryWrites=true, retryReads=true, readConcern=ReadConcern{level=null}, credential=MongoCredential{mechanism=null, userName='livepeer-webhook', source='admin', password=<hidden>, mechanismProperties=<hidden>}, transportSettings=null, streamFactoryFactory=null, commandListeners=[], codecRegistry=ProvidersCodecRegistry{codecProviders=[ValueCodecProvider{}, BsonValueCodecProvider{}, DBRefCodecProvider{}, DBObjectCodecProvider{}, DocumentCodecProvider{}, CollectionCodecProvider{}, IterableCodecProvider{}, MapCodecProvider{}, GeoJsonCodecProvider{}, GridFSFileCodecProvider{}, Jsr310CodecProvider{}, JsonObjectCodecProvider{}, BsonCodecProvider{}, EnumCodecProvider{}, com.mongodb.client.model.mql.ExpressionCodecProvider@83bb0f, com.mongodb.Jep395RecordCodecProvider@25a94b55, com.mongodb.KotlinCodecProvider@6adc5b9c]}, loggerSettings=LoggerSettings{maxDocumentLength=1000}, clusterSettings={hosts=[127.0.0.1:27017], srvHost=orb-user-db.bxckw.mongodb.net, srvServiceName=mongodb, mode=LOAD_BALANCED, requiredClusterType=UNKNOWN, requiredReplicaSetName='null', serverSelector='null', clusterListeners='[]', serverSelectionTimeout='30000 ms', localThreshold='15 ms'}, socketSettings=SocketSettings{connectTimeoutMS=10000, readTimeoutMS=0, receiveBufferSize=0, proxySettings=ProxySettings{host=null, port=null, username=null, password=null}}, heartbeatSocketSettings=SocketSettings{connectTimeoutMS=10000, readTimeoutMS=10000, receiveBufferSize=0, proxySettings=ProxySettings{host=null, port=null, username=null, password=null}}, connectionPoolSettings=ConnectionPoolSettings{maxSize=100, minSize=0, maxWaitTimeMS=120000, maxConnectionLifeTimeMS=0, maxConnectionIdleTimeMS=0, maintenanceInitialDelayMS=0, maintenanceFrequencyMS=60000, connectionPoolListeners=[], maxConnecting=2}, serverSettings=ServerSettings{heartbeatFrequencyMS=10000, minHeartbeatFrequencyMS=500, serverListeners='[]', serverMonitorListeners='[]'}, sslSettings=SslSettings{enabled=true, invalidHostNameAllowed=false, context=null}, applicationName='null', compressorList=[], uuidRepresentation=JAVA_LEGACY, serverApi=null, autoEncryptionSettings=null, dnsClient=null, inetAddressResolver=null, contextProvider=null}
2023-12-23T00:25:19.334-06:00  INFO 28836 --- [cluster-ClusterId{value='65867d4f4a14e13df7918f3a', description='null'}-srv-orb-user-db.bxckw.mongodb.net] org.mongodb.driver.cluster               : SRV resolution completed with hosts: [orb-user-db-lb.bxckw.mongodb.net:27017]
2023-12-23T00:25:20.298-06:00  INFO 28836 --- [main] o.s.b.w.embedded.tomcat.TomcatWebServer  : Tomcat started on port 8080 (http) with context path ''
2023-12-23T00:25:20.305-06:00  INFO 28836 --- [main] o.l.A.A.AssetUploadApplication           : Started AssetUploadApplication in 4.264 seconds (process running for 4.894)
2023-12-23T00:25:22.086-06:00  INFO 28836 --- [http-nio-8080-exec-2] o.a.c.c.C.[Tomcat].[localhost].[/]       : Initializing Spring DispatcherServlet 'dispatcherServlet'
2023-12-23T00:25:22.087-06:00  INFO 28836 --- [http-nio-8080-exec-2] o.s.web.servlet.DispatcherServlet        : Initializing Servlet 'dispatcherServlet'
2023-12-23T00:25:22.088-06:00  INFO 28836 --- [http-nio-8080-exec-2] o.s.web.servlet.DispatcherServlet        : Completed initialization in 1 ms
2023-12-23T00:25:22.170-06:00  INFO 28836 --- [http-nio-8080-exec-2] o.l.A.A.c.AssetUploadController          : Received asset notification: {"id":"dbee0e42-688a-4b31-b572-a3d9da443b04","webhookId":"0206f5cf-cbbb-4ca8-8f88-a3c45bf8a1b2","createdAt":1702889596336,"timestamp":1702889597640,"event":"asset.ready","payload":{"id":"93c87c93-b529-4df0-b006-70e4931d959e","snapshot":{}}}
 
2023-12-23T00:25:24.893-06:00  INFO 28836 --- [http-nio-8080-exec-2] o.l.A.A.c.AssetUploadController          : Asset uploaded {"id":"dbee0e42-688a-4b31-b572-a3d9da443b04","webhookId":"0206f5cf-cbbb-4ca8-8f88-a3c45bf8a1b2","createdAt":1702889596336,"timestamp":1702889597640,"event":"asset.ready","payload":{"id":"93c87c93-b529-4df0-b006-70e4931d959e","snapshot":{}}}

2023-12-23T00:26:00.350-06:00  INFO 28836 --- [http-nio-8080-exec-2] o.l.A.A.c.AssetUploadController          : Fetching video details......
2023-12-23T00:26:02.103-06:00  INFO 28836 --- [http-nio-8080-exec-2] o.l.A.AssetUpload.video.VideoMetadata    : Fetching video thumbnails....
2023-12-23T00:26:02.104-06:00  INFO 28836 --- [http-nio-8080-exec-2] o.l.A.AssetUpload.video.VideoMetadata    : sourceList:[Source(hrn=HLS (TS), type=html5/application/vnd.apple.mpegurl, url=https://lp-playback.com/hls/93c883aympm51zb1/index.m3u8, size=null, width=null, height=null, bitrate=null)] 
2023-12-23T00:26:02.106-06:00  INFO 28836 --- [http-nio-8080-exec-2] o.l.A.AssetUpload.video.VideoMetadata    : inside m3u8
2023-12-23T00:26:02.136-06:00  INFO 28836 --- [http-nio-8080-exec-2] o.l.A.AssetUpload.video.VideoMetadata    : New video
2023-12-23T00:26:02.137-06:00  INFO 28836 --- [http-nio-8080-exec-2] o.l.A.AssetUpload.video.VideoMetadata    : ***thumbNails produced***
2023-12-23T00:26:05.967-06:00  INFO 28836 --- [http-nio-8080-exec-2] o.l.A.A.c.AssetUploadController          : Asset ready: UploadDetails(id=63e4aa49b64e293d86d64ece, cid=bafybeidmlykkqjb64qpmgl2e7yobmsslhneq5rao5iehtc4i3aeunbqzea, assetId=93c87c93-b529-4df0-b006-70e4931d959e, livepeer=true, playbackId=93c883aympm51zb1, timeModified=1703312764157, playbackURL=https://lp-playback.com/hls/93c883aympm51zb1/index.m3u8, source=null, thumbnails=null, transcodingCompleted=true, timestamp=0)
2023-12-23T00:26:07.375-06:00  INFO 28836 --- [http-nio-8080-exec-2] o.l.A.A.c.AssetUploadController          : Asset uploaded!!!
2023-12-23T00:26:26.320-06:00 ERROR 28836 --- [http-nio-8080-exec-2] o.a.c.c.C.[.[.[/].[dispatcherServlet]    : Servlet.service() for servlet [dispatcherServlet] in context with path [] threw exception [Request processing failed: java.lang.ClassCastException: class org.springframework.data.mongodb.core.query.Criteria cannot be cast to class org.springframework.data.mongodb.repository.Query (org.springframework.data.mongodb.core.query.Criteria and org.springframework.data.mongodb.repository.Query are in unnamed module of loader 'app')] with root cause

java.lang.ClassCastException: class org.springframework.data.mongodb.core.query.Criteria cannot be cast to class org.springframework.data.mongodb.repository.Query (org.springframework.data.mongodb.core.query.Criteria and org.springframework.data.mongodb.repository.Query are in unnamed module of loader 'app')
	at orb.livepeer.AssetUploadListner.AssetUpload.controller.AssetUploadController.assetReadyNotification(AssetUploadController.java:71) ~[classes/:na]
	at java.base/jdk.internal.reflect.DirectMethodHandleAccessor.invoke(DirectMethodHandleAccessor.java:104) ~[na:na]
	at java.base/java.lang.reflect.Method.invoke(Method.java:578) ~[na:na]
	at org.springframework.web.method.support.InvocableHandlerMethod.doInvoke(InvocableHandlerMethod.java:254) ~[spring-web-6.1.1.jar:6.1.1]
	at org.springframework.web.method.support.InvocableHandlerMethod.invokeForRequest(InvocableHandlerMethod.java:182) ~[spring-web-6.1.1.jar:6.1.1]
	at org.springframework.web.servlet.mvc.method.annotation.ServletInvocableHandlerMethod.invokeAndHandle(ServletInvocableHandlerMethod.java:118) ~[spring-webmvc-6.1.1.jar:6.1.1]
	at org.springframework.web.servlet.mvc.method.annotation.RequestMappingHandlerAdapter.invokeHandlerMethod(RequestMappingHandlerAdapter.java:917) ~[spring-webmvc-6.1.1.jar:6.1.1]
	at org.springframework.web.servlet.mvc.method.annotation.RequestMappingHandlerAdapter.handleInternal(RequestMappingHandlerAdapter.java:829) ~[spring-webmvc-6.1.1.jar:6.1.1]
	at org.springframework.web.servlet.mvc.method.AbstractHandlerMethodAdapter.handle(AbstractHandlerMethodAdapter.java:87) ~[spring-webmvc-6.1.1.jar:6.1.1]
	at org.springframework.web.servlet.DispatcherServlet.doDispatch(DispatcherServlet.java:1089) ~[spring-webmvc-6.1.1.jar:6.1.1]
	at org.springframework.web.servlet.DispatcherServlet.doService(DispatcherServlet.java:979) ~[spring-webmvc-6.1.1.jar:6.1.1]
	at org.springframework.web.servlet.FrameworkServlet.processRequest(FrameworkServlet.java:1014) ~[spring-webmvc-6.1.1.jar:6.1.1]
	at org.springframework.web.servlet.FrameworkServlet.doPost(FrameworkServlet.java:914) ~[spring-webmvc-6.1.1.jar:6.1.1]
	at jakarta.servlet.http.HttpServlet.service(HttpServlet.java:590) ~[tomcat-embed-core-10.1.16.jar:6.0]
	at org.springframework.web.servlet.FrameworkServlet.service(FrameworkServlet.java:885) ~[spring-webmvc-6.1.1.jar:6.1.1]
	at jakarta.servlet.http.HttpServlet.service(HttpServlet.java:658) ~[tomcat-embed-core-10.1.16.jar:6.0]
	at org.apache.catalina.core.ApplicationFilterChain.internalDoFilter(ApplicationFilterChain.java:205) ~[tomcat-embed-core-10.1.16.jar:10.1.16]
	at org.apache.catalina.core.ApplicationFilterChain.doFilter(ApplicationFilterChain.java:149) ~[tomcat-embed-core-10.1.16.jar:10.1.16]
	at org.apache.tomcat.websocket.server.WsFilter.doFilter(WsFilter.java:51) ~[tomcat-embed-websocket-10.1.16.jar:10.1.16]
	at org.apache.catalina.core.ApplicationFilterChain.internalDoFilter(ApplicationFilterChain.java:174) ~[tomcat-embed-core-10.1.16.jar:10.1.16]
	at org.apache.catalina.core.ApplicationFilterChain.doFilter(ApplicationFilterChain.java:149) ~[tomcat-embed-core-10.1.16.jar:10.1.16]
	at org.springframework.web.filter.RequestContextFilter.doFilterInternal(RequestContextFilter.java:100) ~[spring-web-6.1.1.jar:6.1.1]
	at org.springframework.web.filter.OncePerRequestFilter.doFilter(OncePerRequestFilter.java:116) ~[spring-web-6.1.1.jar:6.1.1]
	at org.apache.catalina.core.ApplicationFilterChain.internalDoFilter(ApplicationFilterChain.java:174) ~[tomcat-embed-core-10.1.16.jar:10.1.16]
	at org.apache.catalina.core.ApplicationFilterChain.doFilter(ApplicationFilterChain.java:149) ~[tomcat-embed-core-10.1.16.jar:10.1.16]
	at org.springframework.web.filter.FormContentFilter.doFilterInternal(FormContentFilter.java:93) ~[spring-web-6.1.1.jar:6.1.1]
	at org.springframework.web.filter.OncePerRequestFilter.doFilter(OncePerRequestFilter.java:116) ~[spring-web-6.1.1.jar:6.1.1]
	at org.apache.catalina.core.ApplicationFilterChain.internalDoFilter(ApplicationFilterChain.java:174) ~[tomcat-embed-core-10.1.16.jar:10.1.16]
	at org.apache.catalina.core.ApplicationFilterChain.doFilter(ApplicationFilterChain.java:149) ~[tomcat-embed-core-10.1.16.jar:10.1.16]
	at org.springframework.web.filter.CharacterEncodingFilter.doFilterInternal(CharacterEncodingFilter.java:201) ~[spring-web-6.1.1.jar:6.1.1]
	at org.springframework.web.filter.OncePerRequestFilter.doFilter(OncePerRequestFilter.java:116) ~[spring-web-6.1.1.jar:6.1.1]
	at org.apache.catalina.core.ApplicationFilterChain.internalDoFilter(ApplicationFilterChain.java:174) ~[tomcat-embed-core-10.1.16.jar:10.1.16]
	at org.apache.catalina.core.ApplicationFilterChain.doFilter(ApplicationFilterChain.java:149) ~[tomcat-embed-core-10.1.16.jar:10.1.16]
	at org.apache.catalina.core.StandardWrapperValve.invoke(StandardWrapperValve.java:167) ~[tomcat-embed-core-10.1.16.jar:10.1.16]
	at org.apache.catalina.core.StandardContextValve.invoke(StandardContextValve.java:90) ~[tomcat-embed-core-10.1.16.jar:10.1.16]
	at org.apache.catalina.authenticator.AuthenticatorBase.invoke(AuthenticatorBase.java:482) ~[tomcat-embed-core-10.1.16.jar:10.1.16]
	at org.apache.catalina.core.StandardHostValve.invoke(StandardHostValve.java:115) ~[tomcat-embed-core-10.1.16.jar:10.1.16]
	at org.apache.catalina.valves.ErrorReportValve.invoke(ErrorReportValve.java:93) ~[tomcat-embed-core-10.1.16.jar:10.1.16]
	at org.apache.catalina.core.StandardEngineValve.invoke(StandardEngineValve.java:74) ~[tomcat-embed-core-10.1.16.jar:10.1.16]
	at org.apache.catalina.connector.CoyoteAdapter.service(CoyoteAdapter.java:340) ~[tomcat-embed-core-10.1.16.jar:10.1.16]
	at org.apache.coyote.http11.Http11Processor.service(Http11Processor.java:391) ~[tomcat-embed-core-10.1.16.jar:10.1.16]
	at org.apache.coyote.AbstractProcessorLight.process(AbstractProcessorLight.java:63) ~[tomcat-embed-core-10.1.16.jar:10.1.16]
	at org.apache.coyote.AbstractProtocol$ConnectionHandler.process(AbstractProtocol.java:896) ~[tomcat-embed-core-10.1.16.jar:10.1.16]
	at org.apache.tomcat.util.net.NioEndpoint$SocketProcessor.doRun(NioEndpoint.java:1744) ~[tomcat-embed-core-10.1.16.jar:10.1.16]
	at org.apache.tomcat.util.net.SocketProcessorBase.run(SocketProcessorBase.java:52) ~[tomcat-embed-core-10.1.16.jar:10.1.16]
	at org.apache.tomcat.util.threads.ThreadPoolExecutor.runWorker(ThreadPoolExecutor.java:1191) ~[tomcat-embed-core-10.1.16.jar:10.1.16]
	at org.apache.tomcat.util.threads.ThreadPoolExecutor$Worker.run(ThreadPoolExecutor.java:659) ~[tomcat-embed-core-10.1.16.jar:10.1.16]
	at org.apache.tomcat.util.threads.TaskThread$WrappingRunnable.run(TaskThread.java:61) ~[tomcat-embed-core-10.1.16.jar:10.1.16]
	at java.base/java.lang.Thread.run(Thread.java:1623) ~[na:na]

2023-12-23T00:26:26.447-06:00  INFO 28836 --- [SpringApplicationShutdownHook] org.mongodb.driver.cluster               : Cluster closed with id ClusterId{value='65867d4f4a14e13df7918f3a', description='null'}
2023-12-23T00:27:16.074-06:00  INFO 28384 --- [main] o.l.A.A.AssetUploadApplication           : Starting AssetUploadApplication using Java 20.0.1 with PID 28384 (C:\orb\AssetUpload\AssetUpload\target\classes started by Prajyot Karnik in C:\orb\AssetUpload\AssetUpload)
2023-12-23T00:27:16.078-06:00  INFO 28384 --- [main] o.l.A.A.AssetUploadApplication           : No active profile set, falling back to 1 default profile: "default"
2023-12-23T00:27:17.064-06:00  INFO 28384 --- [main] .s.d.r.c.RepositoryConfigurationDelegate : Bootstrapping Spring Data MongoDB repositories in DEFAULT mode.
2023-12-23T00:27:17.173-06:00  INFO 28384 --- [main] .s.d.r.c.RepositoryConfigurationDelegate : Finished Spring Data repository scanning in 98 ms. Found 1 MongoDB repository interface.
2023-12-23T00:27:18.088-06:00  INFO 28384 --- [main] o.s.b.w.embedded.tomcat.TomcatWebServer  : Tomcat initialized with port 8080 (http)
2023-12-23T00:27:18.098-06:00  INFO 28384 --- [main] o.apache.catalina.core.StandardService   : Starting service [Tomcat]
2023-12-23T00:27:18.098-06:00  INFO 28384 --- [main] o.apache.catalina.core.StandardEngine    : Starting Servlet engine: [Apache Tomcat/10.1.16]
2023-12-23T00:27:18.188-06:00  INFO 28384 --- [main] o.a.c.c.C.[Tomcat].[localhost].[/]       : Initializing Spring embedded WebApplicationContext
2023-12-23T00:27:18.188-06:00  INFO 28384 --- [main] w.s.c.ServletWebServerApplicationContext : Root WebApplicationContext: initialization completed in 2022 ms
2023-12-23T00:27:18.605-06:00  INFO 28384 --- [main] org.mongodb.driver.cluster               : Cluster created with id ClusterId{value='65867dc66e8adb493ff06bd9', description='null'} and settings {hosts=[127.0.0.1:27017], srvHost=orb-user-db.bxckw.mongodb.net, mode=LOAD_BALANCED, requiredClusterType=UNKNOWN, serverSelectionTimeout='30000 ms'}
2023-12-23T00:27:18.652-06:00  INFO 28384 --- [cluster-ClusterId{value='65867dc66e8adb493ff06bd9', description='null'}-srv-orb-user-db.bxckw.mongodb.net] org.mongodb.driver.cluster               : SRV resolution completed with hosts: [orb-user-db-lb.bxckw.mongodb.net:27017]
2023-12-23T00:27:18.659-06:00  INFO 28384 --- [main] org.mongodb.driver.client                : MongoClient with metadata {"driver": {"name": "mongo-java-driver|sync|spring-boot", "version": "4.11.1"}, "os": {"type": "Windows", "name": "Windows 10", "architecture": "amd64", "version": "10.0"}, "platform": "Java/Oracle Corporation/20.0.1+9-29"} created with settings MongoClientSettings{readPreference=primary, writeConcern=WriteConcern{w=majority, wTimeout=null ms, journal=null}, retryWrites=true, retryReads=true, readConcern=ReadConcern{level=null}, credential=MongoCredential{mechanism=null, userName='livepeer-webhook', source='admin', password=<hidden>, mechanismProperties=<hidden>}, transportSettings=null, streamFactoryFactory=null, commandListeners=[], codecRegistry=ProvidersCodecRegistry{codecProviders=[ValueCodecProvider{}, BsonValueCodecProvider{}, DBRefCodecProvider{}, DBObjectCodecProvider{}, DocumentCodecProvider{}, CollectionCodecProvider{}, IterableCodecProvider{}, MapCodecProvider{}, GeoJsonCodecProvider{}, GridFSFileCodecProvider{}, Jsr310CodecProvider{}, JsonObjectCodecProvider{}, BsonCodecProvider{}, EnumCodecProvider{}, com.mongodb.client.model.mql.ExpressionCodecProvider@6393bf8b, com.mongodb.Jep395RecordCodecProvider@76d7881e, com.mongodb.KotlinCodecProvider@4aa31ffc]}, loggerSettings=LoggerSettings{maxDocumentLength=1000}, clusterSettings={hosts=[127.0.0.1:27017], srvHost=orb-user-db.bxckw.mongodb.net, srvServiceName=mongodb, mode=LOAD_BALANCED, requiredClusterType=UNKNOWN, requiredReplicaSetName='null', serverSelector='null', clusterListeners='[]', serverSelectionTimeout='30000 ms', localThreshold='15 ms'}, socketSettings=SocketSettings{connectTimeoutMS=10000, readTimeoutMS=0, receiveBufferSize=0, proxySettings=ProxySettings{host=null, port=null, username=null, password=null}}, heartbeatSocketSettings=SocketSettings{connectTimeoutMS=10000, readTimeoutMS=10000, receiveBufferSize=0, proxySettings=ProxySettings{host=null, port=null, username=null, password=null}}, connectionPoolSettings=ConnectionPoolSettings{maxSize=100, minSize=0, maxWaitTimeMS=120000, maxConnectionLifeTimeMS=0, maxConnectionIdleTimeMS=0, maintenanceInitialDelayMS=0, maintenanceFrequencyMS=60000, connectionPoolListeners=[], maxConnecting=2}, serverSettings=ServerSettings{heartbeatFrequencyMS=10000, minHeartbeatFrequencyMS=500, serverListeners='[]', serverMonitorListeners='[]'}, sslSettings=SslSettings{enabled=true, invalidHostNameAllowed=false, context=null}, applicationName='null', compressorList=[], uuidRepresentation=JAVA_LEGACY, serverApi=null, autoEncryptionSettings=null, dnsClient=null, inetAddressResolver=null, contextProvider=null}
2023-12-23T00:27:19.815-06:00  INFO 28384 --- [main] o.s.b.w.embedded.tomcat.TomcatWebServer  : Tomcat started on port 8080 (http) with context path ''
2023-12-23T00:27:19.824-06:00  INFO 28384 --- [main] o.l.A.A.AssetUploadApplication           : Started AssetUploadApplication in 4.466 seconds (process running for 5.069)
2023-12-23T00:27:29.613-06:00  INFO 28384 --- [http-nio-8080-exec-2] o.a.c.c.C.[Tomcat].[localhost].[/]       : Initializing Spring DispatcherServlet 'dispatcherServlet'
2023-12-23T00:27:29.614-06:00  INFO 28384 --- [http-nio-8080-exec-2] o.s.web.servlet.DispatcherServlet        : Initializing Servlet 'dispatcherServlet'
2023-12-23T00:27:29.616-06:00  INFO 28384 --- [http-nio-8080-exec-2] o.s.web.servlet.DispatcherServlet        : Completed initialization in 2 ms
2023-12-23T00:27:29.680-06:00  INFO 28384 --- [http-nio-8080-exec-2] o.l.A.A.c.AssetUploadController          : Received asset notification: {"id":"dbee0e42-688a-4b31-b572-a3d9da443b04","webhookId":"0206f5cf-cbbb-4ca8-8f88-a3c45bf8a1b2","createdAt":1702889596336,"timestamp":1702889597640,"event":"asset.ready","payload":{"id":"93c87c93-b529-4df0-b006-70e4931d959e","snapshot":{}}}
 
2023-12-23T00:27:29.703-06:00  INFO 28384 --- [http-nio-8080-exec-2] o.l.A.A.c.AssetUploadController          : Asset uploaded {"id":"dbee0e42-688a-4b31-b572-a3d9da443b04","webhookId":"0206f5cf-cbbb-4ca8-8f88-a3c45bf8a1b2","createdAt":1702889596336,"timestamp":1702889597640,"event":"asset.ready","payload":{"id":"93c87c93-b529-4df0-b006-70e4931d959e","snapshot":{}}}

2023-12-23T00:27:30.869-06:00  INFO 28384 --- [http-nio-8080-exec-2] o.l.A.A.c.AssetUploadController          : Fetching video details......
2023-12-23T00:27:31.305-06:00  INFO 28384 --- [http-nio-8080-exec-2] o.l.A.AssetUpload.video.VideoMetadata    : Fetching video thumbnails....
2023-12-23T00:27:31.306-06:00  INFO 28384 --- [http-nio-8080-exec-2] o.l.A.AssetUpload.video.VideoMetadata    : sourceList:[Source(hrn=HLS (TS), type=html5/application/vnd.apple.mpegurl, url=https://lp-playback.com/hls/93c883aympm51zb1/index.m3u8, size=null, width=null, height=null, bitrate=null)] 
2023-12-23T00:27:31.310-06:00  INFO 28384 --- [http-nio-8080-exec-2] o.l.A.AssetUpload.video.VideoMetadata    : inside m3u8
2023-12-23T00:27:31.311-06:00  INFO 28384 --- [http-nio-8080-exec-2] o.l.A.AssetUpload.video.VideoMetadata    : New video
2023-12-23T00:27:31.311-06:00  INFO 28384 --- [http-nio-8080-exec-2] o.l.A.AssetUpload.video.VideoMetadata    : ***thumbNails produced***
2023-12-23T00:27:31.311-06:00  INFO 28384 --- [http-nio-8080-exec-2] o.l.A.A.c.AssetUploadController          : Asset ready: UploadDetails(id=63e4aa49b64e293d86d64ece, cid=bafybeidmlykkqjb64qpmgl2e7yobmsslhneq5rao5iehtc4i3aeunbqzea, assetId=93c87c93-b529-4df0-b006-70e4931d959e, livepeer=true, playbackId=93c883aympm51zb1, timeModified=1703312851311, playbackURL=https://lp-playback.com/hls/93c883aympm51zb1/index.m3u8, source=null, thumbnails=null, transcodingCompleted=true, timestamp=0)
2023-12-23T00:27:31.414-06:00  INFO 28384 --- [http-nio-8080-exec-2] o.l.A.A.c.AssetUploadController          : Asset uploaded!!!
2023-12-23T00:30:15.616-06:00  INFO 28384 --- [SpringApplicationShutdownHook] org.mongodb.driver.cluster               : Cluster closed with id ClusterId{value='65867dc66e8adb493ff06bd9', description='null'}
2023-12-23T00:30:20.559-06:00  INFO 5568 --- [main] o.l.A.A.AssetUploadApplication           : Starting AssetUploadApplication using Java 20.0.1 with PID 5568 (C:\orb\AssetUpload\AssetUpload\target\classes started by Prajyot Karnik in C:\orb\AssetUpload\AssetUpload)
2023-12-23T00:30:20.563-06:00  INFO 5568 --- [main] o.l.A.A.AssetUploadApplication           : No active profile set, falling back to 1 default profile: "default"
2023-12-23T00:30:21.421-06:00  INFO 5568 --- [main] .s.d.r.c.RepositoryConfigurationDelegate : Bootstrapping Spring Data MongoDB repositories in DEFAULT mode.
2023-12-23T00:30:21.512-06:00  INFO 5568 --- [main] .s.d.r.c.RepositoryConfigurationDelegate : Finished Spring Data repository scanning in 79 ms. Found 1 MongoDB repository interface.
2023-12-23T00:30:22.224-06:00  INFO 5568 --- [main] o.s.b.w.embedded.tomcat.TomcatWebServer  : Tomcat initialized with port 8080 (http)
2023-12-23T00:30:22.233-06:00  INFO 5568 --- [main] o.apache.catalina.core.StandardService   : Starting service [Tomcat]
2023-12-23T00:30:22.234-06:00  INFO 5568 --- [main] o.apache.catalina.core.StandardEngine    : Starting Servlet engine: [Apache Tomcat/10.1.16]
2023-12-23T00:30:22.305-06:00  INFO 5568 --- [main] o.a.c.c.C.[Tomcat].[localhost].[/]       : Initializing Spring embedded WebApplicationContext
2023-12-23T00:30:22.306-06:00  INFO 5568 --- [main] w.s.c.ServletWebServerApplicationContext : Root WebApplicationContext: initialization completed in 1677 ms
2023-12-23T00:30:22.683-06:00  INFO 5568 --- [main] org.mongodb.driver.cluster               : Cluster created with id ClusterId{value='65867e7efa3bef6e8744aa11', description='null'} and settings {hosts=[127.0.0.1:27017], srvHost=orb-user-db.bxckw.mongodb.net, mode=LOAD_BALANCED, requiredClusterType=UNKNOWN, serverSelectionTimeout='30000 ms'}
2023-12-23T00:30:22.747-06:00  INFO 5568 --- [cluster-ClusterId{value='65867e7efa3bef6e8744aa11', description='null'}-srv-orb-user-db.bxckw.mongodb.net] org.mongodb.driver.cluster               : SRV resolution completed with hosts: [orb-user-db-lb.bxckw.mongodb.net:27017]
2023-12-23T00:30:22.772-06:00  INFO 5568 --- [main] org.mongodb.driver.client                : MongoClient with metadata {"driver": {"name": "mongo-java-driver|sync|spring-boot", "version": "4.11.1"}, "os": {"type": "Windows", "name": "Windows 10", "architecture": "amd64", "version": "10.0"}, "platform": "Java/Oracle Corporation/20.0.1+9-29"} created with settings MongoClientSettings{readPreference=primary, writeConcern=WriteConcern{w=majority, wTimeout=null ms, journal=null}, retryWrites=true, retryReads=true, readConcern=ReadConcern{level=null}, credential=MongoCredential{mechanism=null, userName='livepeer-webhook', source='admin', password=<hidden>, mechanismProperties=<hidden>}, transportSettings=null, streamFactoryFactory=null, commandListeners=[], codecRegistry=ProvidersCodecRegistry{codecProviders=[ValueCodecProvider{}, BsonValueCodecProvider{}, DBRefCodecProvider{}, DBObjectCodecProvider{}, DocumentCodecProvider{}, CollectionCodecProvider{}, IterableCodecProvider{}, MapCodecProvider{}, GeoJsonCodecProvider{}, GridFSFileCodecProvider{}, Jsr310CodecProvider{}, JsonObjectCodecProvider{}, BsonCodecProvider{}, EnumCodecProvider{}, com.mongodb.client.model.mql.ExpressionCodecProvider@7bf01cb, com.mongodb.Jep395RecordCodecProvider@2f382a5e, com.mongodb.KotlinCodecProvider@12b5736c]}, loggerSettings=LoggerSettings{maxDocumentLength=1000}, clusterSettings={hosts=[127.0.0.1:27017], srvHost=orb-user-db.bxckw.mongodb.net, srvServiceName=mongodb, mode=LOAD_BALANCED, requiredClusterType=UNKNOWN, requiredReplicaSetName='null', serverSelector='null', clusterListeners='[]', serverSelectionTimeout='30000 ms', localThreshold='15 ms'}, socketSettings=SocketSettings{connectTimeoutMS=10000, readTimeoutMS=0, receiveBufferSize=0, proxySettings=ProxySettings{host=null, port=null, username=null, password=null}}, heartbeatSocketSettings=SocketSettings{connectTimeoutMS=10000, readTimeoutMS=10000, receiveBufferSize=0, proxySettings=ProxySettings{host=null, port=null, username=null, password=null}}, connectionPoolSettings=ConnectionPoolSettings{maxSize=100, minSize=0, maxWaitTimeMS=120000, maxConnectionLifeTimeMS=0, maxConnectionIdleTimeMS=0, maintenanceInitialDelayMS=0, maintenanceFrequencyMS=60000, connectionPoolListeners=[], maxConnecting=2}, serverSettings=ServerSettings{heartbeatFrequencyMS=10000, minHeartbeatFrequencyMS=500, serverListeners='[]', serverMonitorListeners='[]'}, sslSettings=SslSettings{enabled=true, invalidHostNameAllowed=false, context=null}, applicationName='null', compressorList=[], uuidRepresentation=JAVA_LEGACY, serverApi=null, autoEncryptionSettings=null, dnsClient=null, inetAddressResolver=null, contextProvider=null}
2023-12-23T00:30:23.676-06:00  INFO 5568 --- [main] o.s.b.w.embedded.tomcat.TomcatWebServer  : Tomcat started on port 8080 (http) with context path ''
2023-12-23T00:30:23.682-06:00  INFO 5568 --- [main] o.l.A.A.AssetUploadApplication           : Started AssetUploadApplication in 3.704 seconds (process running for 4.329)
2023-12-23T00:30:26.586-06:00  INFO 5568 --- [http-nio-8080-exec-1] o.a.c.c.C.[Tomcat].[localhost].[/]       : Initializing Spring DispatcherServlet 'dispatcherServlet'
2023-12-23T00:30:26.586-06:00  INFO 5568 --- [http-nio-8080-exec-1] o.s.web.servlet.DispatcherServlet        : Initializing Servlet 'dispatcherServlet'
2023-12-23T00:30:26.588-06:00  INFO 5568 --- [http-nio-8080-exec-1] o.s.web.servlet.DispatcherServlet        : Completed initialization in 2 ms
2023-12-23T00:30:26.646-06:00  INFO 5568 --- [http-nio-8080-exec-1] o.l.A.A.c.AssetUploadController          : Received asset notification: {"id":"dbee0e42-688a-4b31-b572-a3d9da443b04","webhookId":"0206f5cf-cbbb-4ca8-8f88-a3c45bf8a1b2","createdAt":1702889596336,"timestamp":1702889597640,"event":"asset.ready","payload":{"id":"93c87c93-b529-4df0-b006-70e4931d959e1","snapshot":{}}}
 
2023-12-23T00:30:26.665-06:00  INFO 5568 --- [http-nio-8080-exec-1] o.l.A.A.c.AssetUploadController          : Asset uploaded {"id":"dbee0e42-688a-4b31-b572-a3d9da443b04","webhookId":"0206f5cf-cbbb-4ca8-8f88-a3c45bf8a1b2","createdAt":1702889596336,"timestamp":1702889597640,"event":"asset.ready","payload":{"id":"93c87c93-b529-4df0-b006-70e4931d959e1","snapshot":{}}}

2023-12-23T00:30:27.583-06:00  INFO 5568 --- [http-nio-8080-exec-1] o.l.A.A.c.AssetUploadController          : Fetching video details......
2023-12-23T00:30:27.586-06:00 ERROR 5568 --- [http-nio-8080-exec-1] o.a.c.c.C.[.[.[/].[dispatcherServlet]    : Servlet.service() for servlet [dispatcherServlet] in context with path [] threw exception [Request processing failed: java.lang.NullPointerException: Cannot invoke "orb.livepeer.AssetUploadListner.AssetUpload.model.UploadDetails.getPlaybackId()" because "asset" is null] with root cause

java.lang.NullPointerException: Cannot invoke "orb.livepeer.AssetUploadListner.AssetUpload.model.UploadDetails.getPlaybackId()" because "asset" is null
	at orb.livepeer.AssetUploadListner.AssetUpload.controller.AssetUploadController.assetReadyNotification(AssetUploadController.java:59) ~[classes/:na]
	at java.base/jdk.internal.reflect.DirectMethodHandleAccessor.invoke(DirectMethodHandleAccessor.java:104) ~[na:na]
	at java.base/java.lang.reflect.Method.invoke(Method.java:578) ~[na:na]
	at org.springframework.web.method.support.InvocableHandlerMethod.doInvoke(InvocableHandlerMethod.java:254) ~[spring-web-6.1.1.jar:6.1.1]
	at org.springframework.web.method.support.InvocableHandlerMethod.invokeForRequest(InvocableHandlerMethod.java:182) ~[spring-web-6.1.1.jar:6.1.1]
	at org.springframework.web.servlet.mvc.method.annotation.ServletInvocableHandlerMethod.invokeAndHandle(ServletInvocableHandlerMethod.java:118) ~[spring-webmvc-6.1.1.jar:6.1.1]
	at org.springframework.web.servlet.mvc.method.annotation.RequestMappingHandlerAdapter.invokeHandlerMethod(RequestMappingHandlerAdapter.java:917) ~[spring-webmvc-6.1.1.jar:6.1.1]
	at org.springframework.web.servlet.mvc.method.annotation.RequestMappingHandlerAdapter.handleInternal(RequestMappingHandlerAdapter.java:829) ~[spring-webmvc-6.1.1.jar:6.1.1]
	at org.springframework.web.servlet.mvc.method.AbstractHandlerMethodAdapter.handle(AbstractHandlerMethodAdapter.java:87) ~[spring-webmvc-6.1.1.jar:6.1.1]
	at org.springframework.web.servlet.DispatcherServlet.doDispatch(DispatcherServlet.java:1089) ~[spring-webmvc-6.1.1.jar:6.1.1]
	at org.springframework.web.servlet.DispatcherServlet.doService(DispatcherServlet.java:979) ~[spring-webmvc-6.1.1.jar:6.1.1]
	at org.springframework.web.servlet.FrameworkServlet.processRequest(FrameworkServlet.java:1014) ~[spring-webmvc-6.1.1.jar:6.1.1]
	at org.springframework.web.servlet.FrameworkServlet.doPost(FrameworkServlet.java:914) ~[spring-webmvc-6.1.1.jar:6.1.1]
	at jakarta.servlet.http.HttpServlet.service(HttpServlet.java:590) ~[tomcat-embed-core-10.1.16.jar:6.0]
	at org.springframework.web.servlet.FrameworkServlet.service(FrameworkServlet.java:885) ~[spring-webmvc-6.1.1.jar:6.1.1]
	at jakarta.servlet.http.HttpServlet.service(HttpServlet.java:658) ~[tomcat-embed-core-10.1.16.jar:6.0]
	at org.apache.catalina.core.ApplicationFilterChain.internalDoFilter(ApplicationFilterChain.java:205) ~[tomcat-embed-core-10.1.16.jar:10.1.16]
	at org.apache.catalina.core.ApplicationFilterChain.doFilter(ApplicationFilterChain.java:149) ~[tomcat-embed-core-10.1.16.jar:10.1.16]
	at org.apache.tomcat.websocket.server.WsFilter.doFilter(WsFilter.java:51) ~[tomcat-embed-websocket-10.1.16.jar:10.1.16]
	at org.apache.catalina.core.ApplicationFilterChain.internalDoFilter(ApplicationFilterChain.java:174) ~[tomcat-embed-core-10.1.16.jar:10.1.16]
	at org.apache.catalina.core.ApplicationFilterChain.doFilter(ApplicationFilterChain.java:149) ~[tomcat-embed-core-10.1.16.jar:10.1.16]
	at org.springframework.web.filter.RequestContextFilter.doFilterInternal(RequestContextFilter.java:100) ~[spring-web-6.1.1.jar:6.1.1]
	at org.springframework.web.filter.OncePerRequestFilter.doFilter(OncePerRequestFilter.java:116) ~[spring-web-6.1.1.jar:6.1.1]
	at org.apache.catalina.core.ApplicationFilterChain.internalDoFilter(ApplicationFilterChain.java:174) ~[tomcat-embed-core-10.1.16.jar:10.1.16]
	at org.apache.catalina.core.ApplicationFilterChain.doFilter(ApplicationFilterChain.java:149) ~[tomcat-embed-core-10.1.16.jar:10.1.16]
	at org.springframework.web.filter.FormContentFilter.doFilterInternal(FormContentFilter.java:93) ~[spring-web-6.1.1.jar:6.1.1]
	at org.springframework.web.filter.OncePerRequestFilter.doFilter(OncePerRequestFilter.java:116) ~[spring-web-6.1.1.jar:6.1.1]
	at org.apache.catalina.core.ApplicationFilterChain.internalDoFilter(ApplicationFilterChain.java:174) ~[tomcat-embed-core-10.1.16.jar:10.1.16]
	at org.apache.catalina.core.ApplicationFilterChain.doFilter(ApplicationFilterChain.java:149) ~[tomcat-embed-core-10.1.16.jar:10.1.16]
	at org.springframework.web.filter.CharacterEncodingFilter.doFilterInternal(CharacterEncodingFilter.java:201) ~[spring-web-6.1.1.jar:6.1.1]
	at org.springframework.web.filter.OncePerRequestFilter.doFilter(OncePerRequestFilter.java:116) ~[spring-web-6.1.1.jar:6.1.1]
	at org.apache.catalina.core.ApplicationFilterChain.internalDoFilter(ApplicationFilterChain.java:174) ~[tomcat-embed-core-10.1.16.jar:10.1.16]
	at org.apache.catalina.core.ApplicationFilterChain.doFilter(ApplicationFilterChain.java:149) ~[tomcat-embed-core-10.1.16.jar:10.1.16]
	at org.apache.catalina.core.StandardWrapperValve.invoke(StandardWrapperValve.java:167) ~[tomcat-embed-core-10.1.16.jar:10.1.16]
	at org.apache.catalina.core.StandardContextValve.invoke(StandardContextValve.java:90) ~[tomcat-embed-core-10.1.16.jar:10.1.16]
	at org.apache.catalina.authenticator.AuthenticatorBase.invoke(AuthenticatorBase.java:482) ~[tomcat-embed-core-10.1.16.jar:10.1.16]
	at org.apache.catalina.core.StandardHostValve.invoke(StandardHostValve.java:115) ~[tomcat-embed-core-10.1.16.jar:10.1.16]
	at org.apache.catalina.valves.ErrorReportValve.invoke(ErrorReportValve.java:93) ~[tomcat-embed-core-10.1.16.jar:10.1.16]
	at org.apache.catalina.core.StandardEngineValve.invoke(StandardEngineValve.java:74) ~[tomcat-embed-core-10.1.16.jar:10.1.16]
	at org.apache.catalina.connector.CoyoteAdapter.service(CoyoteAdapter.java:340) ~[tomcat-embed-core-10.1.16.jar:10.1.16]
	at org.apache.coyote.http11.Http11Processor.service(Http11Processor.java:391) ~[tomcat-embed-core-10.1.16.jar:10.1.16]
	at org.apache.coyote.AbstractProcessorLight.process(AbstractProcessorLight.java:63) ~[tomcat-embed-core-10.1.16.jar:10.1.16]
	at org.apache.coyote.AbstractProtocol$ConnectionHandler.process(AbstractProtocol.java:896) ~[tomcat-embed-core-10.1.16.jar:10.1.16]
	at org.apache.tomcat.util.net.NioEndpoint$SocketProcessor.doRun(NioEndpoint.java:1744) ~[tomcat-embed-core-10.1.16.jar:10.1.16]
	at org.apache.tomcat.util.net.SocketProcessorBase.run(SocketProcessorBase.java:52) ~[tomcat-embed-core-10.1.16.jar:10.1.16]
	at org.apache.tomcat.util.threads.ThreadPoolExecutor.runWorker(ThreadPoolExecutor.java:1191) ~[tomcat-embed-core-10.1.16.jar:10.1.16]
	at org.apache.tomcat.util.threads.ThreadPoolExecutor$Worker.run(ThreadPoolExecutor.java:659) ~[tomcat-embed-core-10.1.16.jar:10.1.16]
	at org.apache.tomcat.util.threads.TaskThread$WrappingRunnable.run(TaskThread.java:61) ~[tomcat-embed-core-10.1.16.jar:10.1.16]
	at java.base/java.lang.Thread.run(Thread.java:1623) ~[na:na]

2023-12-23T00:32:19.681-06:00  INFO 5568 --- [SpringApplicationShutdownHook] org.mongodb.driver.cluster               : Cluster closed with id ClusterId{value='65867e7efa3bef6e8744aa11', description='null'}
2023-12-23T00:32:24.161-06:00  INFO 11216 --- [main] o.l.A.A.AssetUploadApplication           : Starting AssetUploadApplication using Java 20.0.1 with PID 11216 (C:\orb\AssetUpload\AssetUpload\target\classes started by Prajyot Karnik in C:\orb\AssetUpload\AssetUpload)
2023-12-23T00:32:24.165-06:00  INFO 11216 --- [main] o.l.A.A.AssetUploadApplication           : No active profile set, falling back to 1 default profile: "default"
2023-12-23T00:32:25.051-06:00  INFO 11216 --- [main] .s.d.r.c.RepositoryConfigurationDelegate : Bootstrapping Spring Data MongoDB repositories in DEFAULT mode.
2023-12-23T00:32:25.111-06:00  INFO 11216 --- [main] .s.d.r.c.RepositoryConfigurationDelegate : Finished Spring Data repository scanning in 54 ms. Found 1 MongoDB repository interface.
2023-12-23T00:32:26.018-06:00  INFO 11216 --- [main] o.s.b.w.embedded.tomcat.TomcatWebServer  : Tomcat initialized with port 8080 (http)
2023-12-23T00:32:26.028-06:00  INFO 11216 --- [main] o.apache.catalina.core.StandardService   : Starting service [Tomcat]
2023-12-23T00:32:26.028-06:00  INFO 11216 --- [main] o.apache.catalina.core.StandardEngine    : Starting Servlet engine: [Apache Tomcat/10.1.16]
2023-12-23T00:32:26.093-06:00  INFO 11216 --- [main] o.a.c.c.C.[Tomcat].[localhost].[/]       : Initializing Spring embedded WebApplicationContext
2023-12-23T00:32:26.094-06:00  INFO 11216 --- [main] w.s.c.ServletWebServerApplicationContext : Root WebApplicationContext: initialization completed in 1858 ms
2023-12-23T00:32:26.416-06:00  INFO 11216 --- [main] org.mongodb.driver.cluster               : Cluster created with id ClusterId{value='65867efab56fbb3567a9f13b', description='null'} and settings {hosts=[127.0.0.1:27017], srvHost=orb-user-db.bxckw.mongodb.net, mode=LOAD_BALANCED, requiredClusterType=UNKNOWN, serverSelectionTimeout='30000 ms'}
2023-12-23T00:32:26.443-06:00  INFO 11216 --- [cluster-ClusterId{value='65867efab56fbb3567a9f13b', description='null'}-srv-orb-user-db.bxckw.mongodb.net] org.mongodb.driver.cluster               : SRV resolution completed with hosts: [orb-user-db-lb.bxckw.mongodb.net:27017]
2023-12-23T00:32:26.474-06:00  INFO 11216 --- [main] org.mongodb.driver.client                : MongoClient with metadata {"driver": {"name": "mongo-java-driver|sync|spring-boot", "version": "4.11.1"}, "os": {"type": "Windows", "name": "Windows 10", "architecture": "amd64", "version": "10.0"}, "platform": "Java/Oracle Corporation/20.0.1+9-29"} created with settings MongoClientSettings{readPreference=primary, writeConcern=WriteConcern{w=majority, wTimeout=null ms, journal=null}, retryWrites=true, retryReads=true, readConcern=ReadConcern{level=null}, credential=MongoCredential{mechanism=null, userName='livepeer-webhook', source='admin', password=<hidden>, mechanismProperties=<hidden>}, transportSettings=null, streamFactoryFactory=null, commandListeners=[], codecRegistry=ProvidersCodecRegistry{codecProviders=[ValueCodecProvider{}, BsonValueCodecProvider{}, DBRefCodecProvider{}, DBObjectCodecProvider{}, DocumentCodecProvider{}, CollectionCodecProvider{}, IterableCodecProvider{}, MapCodecProvider{}, GeoJsonCodecProvider{}, GridFSFileCodecProvider{}, Jsr310CodecProvider{}, JsonObjectCodecProvider{}, BsonCodecProvider{}, EnumCodecProvider{}, com.mongodb.client.model.mql.ExpressionCodecProvider@64dae3b7, com.mongodb.Jep395RecordCodecProvider@1fedf0a4, com.mongodb.KotlinCodecProvider@1e4c6583]}, loggerSettings=LoggerSettings{maxDocumentLength=1000}, clusterSettings={hosts=[127.0.0.1:27017], srvHost=orb-user-db.bxckw.mongodb.net, srvServiceName=mongodb, mode=LOAD_BALANCED, requiredClusterType=UNKNOWN, requiredReplicaSetName='null', serverSelector='null', clusterListeners='[]', serverSelectionTimeout='30000 ms', localThreshold='15 ms'}, socketSettings=SocketSettings{connectTimeoutMS=10000, readTimeoutMS=0, receiveBufferSize=0, proxySettings=ProxySettings{host=null, port=null, username=null, password=null}}, heartbeatSocketSettings=SocketSettings{connectTimeoutMS=10000, readTimeoutMS=10000, receiveBufferSize=0, proxySettings=ProxySettings{host=null, port=null, username=null, password=null}}, connectionPoolSettings=ConnectionPoolSettings{maxSize=100, minSize=0, maxWaitTimeMS=120000, maxConnectionLifeTimeMS=0, maxConnectionIdleTimeMS=0, maintenanceInitialDelayMS=0, maintenanceFrequencyMS=60000, connectionPoolListeners=[], maxConnecting=2}, serverSettings=ServerSettings{heartbeatFrequencyMS=10000, minHeartbeatFrequencyMS=500, serverListeners='[]', serverMonitorListeners='[]'}, sslSettings=SslSettings{enabled=true, invalidHostNameAllowed=false, context=null}, applicationName='null', compressorList=[], uuidRepresentation=JAVA_LEGACY, serverApi=null, autoEncryptionSettings=null, dnsClient=null, inetAddressResolver=null, contextProvider=null}
2023-12-23T00:32:27.513-06:00  INFO 11216 --- [main] o.s.b.w.embedded.tomcat.TomcatWebServer  : Tomcat started on port 8080 (http) with context path ''
2023-12-23T00:32:27.520-06:00  INFO 11216 --- [main] o.l.A.A.AssetUploadApplication           : Started AssetUploadApplication in 3.936 seconds (process running for 4.411)
2023-12-23T00:32:28.169-06:00  INFO 11216 --- [http-nio-8080-exec-2] o.a.c.c.C.[Tomcat].[localhost].[/]       : Initializing Spring DispatcherServlet 'dispatcherServlet'
2023-12-23T00:32:28.169-06:00  INFO 11216 --- [http-nio-8080-exec-2] o.s.web.servlet.DispatcherServlet        : Initializing Servlet 'dispatcherServlet'
2023-12-23T00:32:28.171-06:00  INFO 11216 --- [http-nio-8080-exec-2] o.s.web.servlet.DispatcherServlet        : Completed initialization in 2 ms
2023-12-23T00:32:28.229-06:00  INFO 11216 --- [http-nio-8080-exec-2] o.l.A.A.c.AssetUploadController          : Received asset notification: {"id":"dbee0e42-688a-4b31-b572-a3d9da443b04","webhookId":"0206f5cf-cbbb-4ca8-8f88-a3c45bf8a1b2","createdAt":1702889596336,"timestamp":1702889597640,"event":"asset.ready","payload":{"id":"93c87c93-b529-4df0-b006-70e4931d959e1","snapshot":{}}}
 
2023-12-23T00:32:28.245-06:00  INFO 11216 --- [http-nio-8080-exec-2] o.l.A.A.c.AssetUploadController          : Asset uploaded {"id":"dbee0e42-688a-4b31-b572-a3d9da443b04","webhookId":"0206f5cf-cbbb-4ca8-8f88-a3c45bf8a1b2","createdAt":1702889596336,"timestamp":1702889597640,"event":"asset.ready","payload":{"id":"93c87c93-b529-4df0-b006-70e4931d959e1","snapshot":{}}}

2023-12-23T00:32:41.676-06:00  INFO 11216 --- [SpringApplicationShutdownHook] org.mongodb.driver.cluster               : Cluster closed with id ClusterId{value='65867efab56fbb3567a9f13b', description='null'}
2023-12-23T00:32:43.867-06:00  INFO 20384 --- [main] o.l.A.A.AssetUploadApplication           : Starting AssetUploadApplication using Java 20.0.1 with PID 20384 (C:\orb\AssetUpload\AssetUpload\target\classes started by Prajyot Karnik in C:\orb\AssetUpload\AssetUpload)
2023-12-23T00:32:43.870-06:00  INFO 20384 --- [main] o.l.A.A.AssetUploadApplication           : No active profile set, falling back to 1 default profile: "default"
2023-12-23T00:32:44.843-06:00  INFO 20384 --- [main] .s.d.r.c.RepositoryConfigurationDelegate : Bootstrapping Spring Data MongoDB repositories in DEFAULT mode.
2023-12-23T00:32:44.935-06:00  INFO 20384 --- [main] .s.d.r.c.RepositoryConfigurationDelegate : Finished Spring Data repository scanning in 80 ms. Found 1 MongoDB repository interface.
2023-12-23T00:32:45.658-06:00  INFO 20384 --- [main] o.s.b.w.embedded.tomcat.TomcatWebServer  : Tomcat initialized with port 8080 (http)
2023-12-23T00:32:45.667-06:00  INFO 20384 --- [main] o.apache.catalina.core.StandardService   : Starting service [Tomcat]
2023-12-23T00:32:45.668-06:00  INFO 20384 --- [main] o.apache.catalina.core.StandardEngine    : Starting Servlet engine: [Apache Tomcat/10.1.16]
2023-12-23T00:32:45.735-06:00  INFO 20384 --- [main] o.a.c.c.C.[Tomcat].[localhost].[/]       : Initializing Spring embedded WebApplicationContext
2023-12-23T00:32:45.736-06:00  INFO 20384 --- [main] w.s.c.ServletWebServerApplicationContext : Root WebApplicationContext: initialization completed in 1799 ms
2023-12-23T00:32:46.037-06:00  INFO 20384 --- [main] org.mongodb.driver.cluster               : Cluster created with id ClusterId{value='65867f0ea03bd90180bf9436', description='null'} and settings {hosts=[127.0.0.1:27017], srvHost=orb-user-db.bxckw.mongodb.net, mode=LOAD_BALANCED, requiredClusterType=UNKNOWN, serverSelectionTimeout='30000 ms'}
2023-12-23T00:32:46.055-06:00  INFO 20384 --- [cluster-ClusterId{value='65867f0ea03bd90180bf9436', description='null'}-srv-orb-user-db.bxckw.mongodb.net] org.mongodb.driver.cluster               : SRV resolution completed with hosts: [orb-user-db-lb.bxckw.mongodb.net:27017]
2023-12-23T00:32:46.090-06:00  INFO 20384 --- [main] org.mongodb.driver.client                : MongoClient with metadata {"driver": {"name": "mongo-java-driver|sync|spring-boot", "version": "4.11.1"}, "os": {"type": "Windows", "name": "Windows 10", "architecture": "amd64", "version": "10.0"}, "platform": "Java/Oracle Corporation/20.0.1+9-29"} created with settings MongoClientSettings{readPreference=primary, writeConcern=WriteConcern{w=majority, wTimeout=null ms, journal=null}, retryWrites=true, retryReads=true, readConcern=ReadConcern{level=null}, credential=MongoCredential{mechanism=null, userName='livepeer-webhook', source='admin', password=<hidden>, mechanismProperties=<hidden>}, transportSettings=null, streamFactoryFactory=null, commandListeners=[], codecRegistry=ProvidersCodecRegistry{codecProviders=[ValueCodecProvider{}, BsonValueCodecProvider{}, DBRefCodecProvider{}, DBObjectCodecProvider{}, DocumentCodecProvider{}, CollectionCodecProvider{}, IterableCodecProvider{}, MapCodecProvider{}, GeoJsonCodecProvider{}, GridFSFileCodecProvider{}, Jsr310CodecProvider{}, JsonObjectCodecProvider{}, BsonCodecProvider{}, EnumCodecProvider{}, com.mongodb.client.model.mql.ExpressionCodecProvider@42505474, com.mongodb.Jep395RecordCodecProvider@7b477141, com.mongodb.KotlinCodecProvider@784223e9]}, loggerSettings=LoggerSettings{maxDocumentLength=1000}, clusterSettings={hosts=[127.0.0.1:27017], srvHost=orb-user-db.bxckw.mongodb.net, srvServiceName=mongodb, mode=LOAD_BALANCED, requiredClusterType=UNKNOWN, requiredReplicaSetName='null', serverSelector='null', clusterListeners='[]', serverSelectionTimeout='30000 ms', localThreshold='15 ms'}, socketSettings=SocketSettings{connectTimeoutMS=10000, readTimeoutMS=0, receiveBufferSize=0, proxySettings=ProxySettings{host=null, port=null, username=null, password=null}}, heartbeatSocketSettings=SocketSettings{connectTimeoutMS=10000, readTimeoutMS=10000, receiveBufferSize=0, proxySettings=ProxySettings{host=null, port=null, username=null, password=null}}, connectionPoolSettings=ConnectionPoolSettings{maxSize=100, minSize=0, maxWaitTimeMS=120000, maxConnectionLifeTimeMS=0, maxConnectionIdleTimeMS=0, maintenanceInitialDelayMS=0, maintenanceFrequencyMS=60000, connectionPoolListeners=[], maxConnecting=2}, serverSettings=ServerSettings{heartbeatFrequencyMS=10000, minHeartbeatFrequencyMS=500, serverListeners='[]', serverMonitorListeners='[]'}, sslSettings=SslSettings{enabled=true, invalidHostNameAllowed=false, context=null}, applicationName='null', compressorList=[], uuidRepresentation=JAVA_LEGACY, serverApi=null, autoEncryptionSettings=null, dnsClient=null, inetAddressResolver=null, contextProvider=null}
2023-12-23T00:32:47.088-06:00  INFO 20384 --- [main] o.s.b.w.embedded.tomcat.TomcatWebServer  : Tomcat started on port 8080 (http) with context path ''
2023-12-23T00:32:47.096-06:00  INFO 20384 --- [main] o.l.A.A.AssetUploadApplication           : Started AssetUploadApplication in 3.82 seconds (process running for 4.379)
2023-12-23T00:40:05.749-06:00  INFO 20384 --- [SpringApplicationShutdownHook] org.mongodb.driver.cluster               : Cluster closed with id ClusterId{value='65867f0ea03bd90180bf9436', description='null'}
2023-12-23T00:40:09.991-06:00  INFO 25000 --- [main] o.l.A.A.AssetUploadApplication           : Starting AssetUploadApplication using Java 20.0.1 with PID 25000 (C:\orb\AssetUpload\AssetUpload\target\classes started by Prajyot Karnik in C:\orb\AssetUpload\AssetUpload)
2023-12-23T00:40:09.994-06:00  INFO 25000 --- [main] o.l.A.A.AssetUploadApplication           : No active profile set, falling back to 1 default profile: "default"
2023-12-23T00:40:10.926-06:00  INFO 25000 --- [main] .s.d.r.c.RepositoryConfigurationDelegate : Bootstrapping Spring Data MongoDB repositories in DEFAULT mode.
2023-12-23T00:40:11.018-06:00  INFO 25000 --- [main] .s.d.r.c.RepositoryConfigurationDelegate : Finished Spring Data repository scanning in 81 ms. Found 1 MongoDB repository interface.
2023-12-23T00:40:11.727-06:00  INFO 25000 --- [main] o.s.b.w.embedded.tomcat.TomcatWebServer  : Tomcat initialized with port 8080 (http)
2023-12-23T00:40:11.745-06:00  INFO 25000 --- [main] o.apache.catalina.core.StandardService   : Starting service [Tomcat]
2023-12-23T00:40:11.745-06:00  INFO 25000 --- [main] o.apache.catalina.core.StandardEngine    : Starting Servlet engine: [Apache Tomcat/10.1.16]
2023-12-23T00:40:11.812-06:00  INFO 25000 --- [main] o.a.c.c.C.[Tomcat].[localhost].[/]       : Initializing Spring embedded WebApplicationContext
2023-12-23T00:40:11.812-06:00  INFO 25000 --- [main] w.s.c.ServletWebServerApplicationContext : Root WebApplicationContext: initialization completed in 1737 ms
2023-12-23T00:40:12.080-06:00  INFO 25000 --- [main] org.mongodb.driver.cluster               : Cluster created with id ClusterId{value='658680cce32ebd3385ac665f', description='null'} and settings {hosts=[127.0.0.1:27017], srvHost=orb-user-db.bxckw.mongodb.net, mode=LOAD_BALANCED, requiredClusterType=UNKNOWN, serverSelectionTimeout='30000 ms'}
2023-12-23T00:40:12.101-06:00  INFO 25000 --- [cluster-ClusterId{value='658680cce32ebd3385ac665f', description='null'}-srv-orb-user-db.bxckw.mongodb.net] org.mongodb.driver.cluster               : SRV resolution completed with hosts: [orb-user-db-lb.bxckw.mongodb.net:27017]
2023-12-23T00:40:12.129-06:00  INFO 25000 --- [main] org.mongodb.driver.client                : MongoClient with metadata {"driver": {"name": "mongo-java-driver|sync|spring-boot", "version": "4.11.1"}, "os": {"type": "Windows", "name": "Windows 10", "architecture": "amd64", "version": "10.0"}, "platform": "Java/Oracle Corporation/20.0.1+9-29"} created with settings MongoClientSettings{readPreference=primary, writeConcern=WriteConcern{w=majority, wTimeout=null ms, journal=null}, retryWrites=true, retryReads=true, readConcern=ReadConcern{level=null}, credential=MongoCredential{mechanism=null, userName='livepeer-webhook', source='admin', password=<hidden>, mechanismProperties=<hidden>}, transportSettings=null, streamFactoryFactory=null, commandListeners=[], codecRegistry=ProvidersCodecRegistry{codecProviders=[ValueCodecProvider{}, BsonValueCodecProvider{}, DBRefCodecProvider{}, DBObjectCodecProvider{}, DocumentCodecProvider{}, CollectionCodecProvider{}, IterableCodecProvider{}, MapCodecProvider{}, GeoJsonCodecProvider{}, GridFSFileCodecProvider{}, Jsr310CodecProvider{}, JsonObjectCodecProvider{}, BsonCodecProvider{}, EnumCodecProvider{}, com.mongodb.client.model.mql.ExpressionCodecProvider@1d901f20, com.mongodb.Jep395RecordCodecProvider@6d08b4e6, com.mongodb.KotlinCodecProvider@1015a4b9]}, loggerSettings=LoggerSettings{maxDocumentLength=1000}, clusterSettings={hosts=[127.0.0.1:27017], srvHost=orb-user-db.bxckw.mongodb.net, srvServiceName=mongodb, mode=LOAD_BALANCED, requiredClusterType=UNKNOWN, requiredReplicaSetName='null', serverSelector='null', clusterListeners='[]', serverSelectionTimeout='30000 ms', localThreshold='15 ms'}, socketSettings=SocketSettings{connectTimeoutMS=10000, readTimeoutMS=0, receiveBufferSize=0, proxySettings=ProxySettings{host=null, port=null, username=null, password=null}}, heartbeatSocketSettings=SocketSettings{connectTimeoutMS=10000, readTimeoutMS=10000, receiveBufferSize=0, proxySettings=ProxySettings{host=null, port=null, username=null, password=null}}, connectionPoolSettings=ConnectionPoolSettings{maxSize=100, minSize=0, maxWaitTimeMS=120000, maxConnectionLifeTimeMS=0, maxConnectionIdleTimeMS=0, maintenanceInitialDelayMS=0, maintenanceFrequencyMS=60000, connectionPoolListeners=[], maxConnecting=2}, serverSettings=ServerSettings{heartbeatFrequencyMS=10000, minHeartbeatFrequencyMS=500, serverListeners='[]', serverMonitorListeners='[]'}, sslSettings=SslSettings{enabled=true, invalidHostNameAllowed=false, context=null}, applicationName='null', compressorList=[], uuidRepresentation=JAVA_LEGACY, serverApi=null, autoEncryptionSettings=null, dnsClient=null, inetAddressResolver=null, contextProvider=null}
2023-12-23T00:40:13.059-06:00  INFO 25000 --- [main] o.s.b.w.embedded.tomcat.TomcatWebServer  : Tomcat started on port 8080 (http) with context path ''
2023-12-23T00:40:13.067-06:00  INFO 25000 --- [main] o.l.A.A.AssetUploadApplication           : Started AssetUploadApplication in 3.751 seconds (process running for 4.274)
2023-12-23T00:40:31.470-06:00  INFO 25000 --- [http-nio-8080-exec-2] o.a.c.c.C.[Tomcat].[localhost].[/]       : Initializing Spring DispatcherServlet 'dispatcherServlet'
2023-12-23T00:40:31.471-06:00  INFO 25000 --- [http-nio-8080-exec-2] o.s.web.servlet.DispatcherServlet        : Initializing Servlet 'dispatcherServlet'
2023-12-23T00:40:31.472-06:00  INFO 25000 --- [http-nio-8080-exec-2] o.s.web.servlet.DispatcherServlet        : Completed initialization in 1 ms
2023-12-23T00:40:31.520-06:00  INFO 25000 --- [http-nio-8080-exec-2] o.l.A.A.c.AssetUploadController          : Received asset notification: {"id":"dbee0e42-688a-4b31-b572-a3d9da443b04","webhookId":"0206f5cf-cbbb-4ca8-8f88-a3c45bf8a1b2","createdAt":1702889596336,"timestamp":1702889597640,"event":"asset.ready","payload":{"id":"ba40af5e-fe68-4689-86f4-ad0a121326b0","snapshot":{}}}
 
2023-12-23T00:40:31.539-06:00  INFO 25000 --- [http-nio-8080-exec-2] o.l.A.A.c.AssetUploadController          : Asset uploaded {"id":"dbee0e42-688a-4b31-b572-a3d9da443b04","webhookId":"0206f5cf-cbbb-4ca8-8f88-a3c45bf8a1b2","createdAt":1702889596336,"timestamp":1702889597640,"event":"asset.ready","payload":{"id":"ba40af5e-fe68-4689-86f4-ad0a121326b0","snapshot":{}}}

2023-12-23T00:40:32.487-06:00  INFO 25000 --- [http-nio-8080-exec-2] o.l.A.A.c.AssetUploadController          : Fetching video details......
2023-12-23T00:40:32.839-06:00  INFO 25000 --- [http-nio-8080-exec-2] o.l.A.AssetUpload.video.VideoMetadata    : Fetching video thumbnails....
2023-12-23T00:40:32.840-06:00  INFO 25000 --- [http-nio-8080-exec-2] o.l.A.AssetUpload.video.VideoMetadata    : sourceList:[Source(hrn=HLS (TS), type=html5/application/vnd.apple.mpegurl, url=https://lp-playback.com/hls/ba4090h3mpfmw0iy/index.m3u8, size=null, width=null, height=null, bitrate=null)] 
2023-12-23T00:40:32.844-06:00  INFO 25000 --- [http-nio-8080-exec-2] o.l.A.AssetUpload.video.VideoMetadata    : inside m3u8
2023-12-23T00:40:32.846-06:00  INFO 25000 --- [http-nio-8080-exec-2] o.l.A.AssetUpload.video.VideoMetadata    : New video
2023-12-23T00:40:32.846-06:00  INFO 25000 --- [http-nio-8080-exec-2] o.l.A.AssetUpload.video.VideoMetadata    : ***thumbNails produced***
2023-12-23T00:40:32.846-06:00  INFO 25000 --- [http-nio-8080-exec-2] o.l.A.A.c.AssetUploadController          : Asset ready: UploadDetails(id=63e4aba06c3fbc22403890ea, cid=bafybeifatuf6kca26hnnzs5zanyo5mv6x5hkwdyjv3sekghilfsr2tgaye, assetId=ba40af5e-fe68-4689-86f4-ad0a121326b0, livepeer=true, playbackId=ba4090h3mpfmw0iy, timeModified=1703313632846, playbackURL=https://lp-playback.com/hls/ba4090h3mpfmw0iy/index.m3u8, source=null, thumbnails=null, transcodingCompleted=true)
2023-12-23T00:40:32.954-06:00  INFO 25000 --- [http-nio-8080-exec-2] o.l.A.A.c.AssetUploadController          : Asset uploaded!!!
2023-12-23T02:02:46.083-06:00  INFO 25000 --- [SpringApplicationShutdownHook] org.mongodb.driver.cluster               : Cluster closed with id ClusterId{value='658680cce32ebd3385ac665f', description='null'}
2023-12-23T02:03:10.535-06:00  INFO 31320 --- [main] o.l.A.A.AssetUploadApplication           : Starting AssetUploadApplication using Java 20.0.1 with PID 31320 (C:\orb\AssetUpload\AssetUpload\target\classes started by Prajyot Karnik in C:\orb\AssetUpload\AssetUpload)
2023-12-23T02:03:10.541-06:00  INFO 31320 --- [main] o.l.A.A.AssetUploadApplication           : No active profile set, falling back to 1 default profile: "default"
2023-12-23T02:03:11.391-06:00  INFO 31320 --- [main] .s.d.r.c.RepositoryConfigurationDelegate : Bootstrapping Spring Data MongoDB repositories in DEFAULT mode.
2023-12-23T02:03:11.464-06:00  INFO 31320 --- [main] .s.d.r.c.RepositoryConfigurationDelegate : Finished Spring Data repository scanning in 62 ms. Found 1 MongoDB repository interface.
2023-12-23T02:03:12.215-06:00  INFO 31320 --- [main] o.s.b.w.embedded.tomcat.TomcatWebServer  : Tomcat initialized with port 8080 (http)
2023-12-23T02:03:12.256-06:00  INFO 31320 --- [main] o.apache.catalina.core.StandardService   : Starting service [Tomcat]
2023-12-23T02:03:12.260-06:00  INFO 31320 --- [main] o.apache.catalina.core.StandardEngine    : Starting Servlet engine: [Apache Tomcat/10.1.16]
2023-12-23T02:03:12.380-06:00  INFO 31320 --- [main] o.a.c.c.C.[Tomcat].[localhost].[/]       : Initializing Spring embedded WebApplicationContext
2023-12-23T02:03:12.381-06:00  INFO 31320 --- [main] w.s.c.ServletWebServerApplicationContext : Root WebApplicationContext: initialization completed in 1773 ms
2023-12-23T02:03:12.597-06:00  WARN 31320 --- [main] ConfigServletWebServerApplicationContext : Exception encountered during context initialization - cancelling refresh attempt: org.springframework.beans.factory.UnsatisfiedDependencyException: Error creating bean with name 'assetUploadController': Unsatisfied dependency expressed through field 'assetRepository': Error creating bean with name 'assetRepository' defined in orb.livepeer.AssetUploadListner.AssetUpload.service.AssetRepository defined in @EnableMongoRepositories declared on MongoRepositoriesRegistrar.EnableMongoRepositoriesConfiguration: Cannot resolve reference to bean 'mongoTemplate' while setting bean property 'mongoOperations'
2023-12-23T02:03:12.602-06:00  INFO 31320 --- [main] o.apache.catalina.core.StandardService   : Stopping service [Tomcat]
2023-12-23T02:03:12.621-06:00  INFO 31320 --- [main] .s.b.a.l.ConditionEvaluationReportLogger : 

Error starting ApplicationContext. To display the condition evaluation report re-run your application with 'debug' enabled.
2023-12-23T02:03:12.653-06:00 ERROR 31320 --- [main] o.s.b.d.LoggingFailureAnalysisReporter   : 

***************************
APPLICATION FAILED TO START
***************************

Description:

Failed to bind properties under 'spring.data.mongodb.field-naming-strategy' to java.lang.Class<?>:

    Property: spring.data.mongodb.field-naming-strategy
    Value: "org.springframework.data.mongodb.core.convert.NoOpFieldNameStrategy"
    Origin: class path resource [application.properties] - 11:43
    Reason: failed to convert java.lang.String to java.lang.Class<?> (caused by java.lang.ClassNotFoundException: org.springframework.data.mongodb.core.convert.NoOpFieldNameStrategy)

Action:

Update your application's configuration

2023-12-23T02:14:15.986-06:00  INFO 2972 --- [main] o.l.A.A.AssetUploadApplication           : Starting AssetUploadApplication using Java 20.0.1 with PID 2972 (C:\orb\AssetUpload\AssetUpload\target\classes started by Prajyot Karnik in C:\orb\AssetUpload\AssetUpload)
2023-12-23T02:14:15.990-06:00  INFO 2972 --- [main] o.l.A.A.AssetUploadApplication           : No active profile set, falling back to 1 default profile: "default"
2023-12-23T02:14:16.897-06:00  INFO 2972 --- [main] .s.d.r.c.RepositoryConfigurationDelegate : Bootstrapping Spring Data MongoDB repositories in DEFAULT mode.
2023-12-23T02:14:16.981-06:00  INFO 2972 --- [main] .s.d.r.c.RepositoryConfigurationDelegate : Finished Spring Data repository scanning in 72 ms. Found 1 MongoDB repository interface.
2023-12-23T02:14:17.641-06:00  INFO 2972 --- [main] o.s.b.w.embedded.tomcat.TomcatWebServer  : Tomcat initialized with port 8080 (http)
2023-12-23T02:14:17.652-06:00  INFO 2972 --- [main] o.apache.catalina.core.StandardService   : Starting service [Tomcat]
2023-12-23T02:14:17.652-06:00  INFO 2972 --- [main] o.apache.catalina.core.StandardEngine    : Starting Servlet engine: [Apache Tomcat/10.1.16]
2023-12-23T02:14:17.717-06:00  INFO 2972 --- [main] o.a.c.c.C.[Tomcat].[localhost].[/]       : Initializing Spring embedded WebApplicationContext
2023-12-23T02:14:17.717-06:00  INFO 2972 --- [main] w.s.c.ServletWebServerApplicationContext : Root WebApplicationContext: initialization completed in 1645 ms
2023-12-23T02:14:17.887-06:00  WARN 2972 --- [main] ConfigServletWebServerApplicationContext : Exception encountered during context initialization - cancelling refresh attempt: org.springframework.beans.factory.BeanCreationException: Error creating bean with name 'mongoDBConfig' defined in file [C:\orb\AssetUpload\AssetUpload\target\classes\orb\livepeer\AssetUploadListner\AssetUpload\configuration\MongoDBConfig.class]: Error creating bean with name 'mappingMongoConverter' defined in class path resource [org/springframework/boot/autoconfigure/data/mongo/MongoDatabaseFactoryDependentConfiguration.class]: Unsatisfied dependency expressed through method 'mappingMongoConverter' parameter 0: Error creating bean with name 'mongoDatabaseFactory' defined in class path resource [org/springframework/boot/autoconfigure/data/mongo/MongoDatabaseFactoryConfiguration.class]: Unsatisfied dependency expressed through method 'mongoDatabaseFactory' parameter 0: Error creating bean with name 'mongo' defined in class path resource [org/springframework/boot/autoconfigure/mongo/MongoAutoConfiguration.class]: Failed to instantiate [com.mongodb.client.MongoClient]: Factory method 'mongo' threw exception with message: Error creating bean with name 'standardMongoSettingsCustomizer' defined in class path resource [org/springframework/boot/autoconfigure/mongo/MongoAutoConfiguration$MongoClientSettingsConfiguration.class]: Unsatisfied dependency expressed through method 'standardMongoSettingsCustomizer' parameter 0: Error creating bean with name 'spring.data.mongodb-org.springframework.boot.autoconfigure.mongo.MongoProperties': Could not bind properties to 'MongoProperties' : prefix=spring.data.mongodb, ignoreInvalidFields=false, ignoreUnknownFields=true
2023-12-23T02:14:17.893-06:00  INFO 2972 --- [main] o.apache.catalina.core.StandardService   : Stopping service [Tomcat]
2023-12-23T02:14:17.911-06:00  INFO 2972 --- [main] .s.b.a.l.ConditionEvaluationReportLogger : 

Error starting ApplicationContext. To display the condition evaluation report re-run your application with 'debug' enabled.
2023-12-23T02:14:17.938-06:00 ERROR 2972 --- [main] o.s.b.d.LoggingFailureAnalysisReporter   : 

***************************
APPLICATION FAILED TO START
***************************

Description:

Failed to bind properties under 'spring.data.mongodb.field-naming-strategy' to java.lang.Class<?>:

    Property: spring.data.mongodb.field-naming-strategy
    Value: "org.springframework.data.mongodb.core.convert.NoOpFieldNameStrategy"
    Origin: class path resource [application.properties] - 11:43
    Reason: failed to convert java.lang.String to java.lang.Class<?> (caused by java.lang.ClassNotFoundException: org.springframework.data.mongodb.core.convert.NoOpFieldNameStrategy)

Action:

Update your application's configuration

2023-12-23T02:14:39.221-06:00  INFO 25628 --- [main] o.l.A.A.AssetUploadApplication           : Starting AssetUploadApplication using Java 20.0.1 with PID 25628 (C:\orb\AssetUpload\AssetUpload\target\classes started by Prajyot Karnik in C:\orb\AssetUpload\AssetUpload)
2023-12-23T02:14:39.225-06:00  INFO 25628 --- [main] o.l.A.A.AssetUploadApplication           : No active profile set, falling back to 1 default profile: "default"
2023-12-23T02:14:40.020-06:00  INFO 25628 --- [main] .s.d.r.c.RepositoryConfigurationDelegate : Bootstrapping Spring Data MongoDB repositories in DEFAULT mode.
2023-12-23T02:14:40.111-06:00  INFO 25628 --- [main] .s.d.r.c.RepositoryConfigurationDelegate : Finished Spring Data repository scanning in 82 ms. Found 1 MongoDB repository interface.
2023-12-23T02:14:40.718-06:00  INFO 25628 --- [main] o.s.b.w.embedded.tomcat.TomcatWebServer  : Tomcat initialized with port 8080 (http)
2023-12-23T02:14:40.728-06:00  INFO 25628 --- [main] o.apache.catalina.core.StandardService   : Starting service [Tomcat]
2023-12-23T02:14:40.728-06:00  INFO 25628 --- [main] o.apache.catalina.core.StandardEngine    : Starting Servlet engine: [Apache Tomcat/10.1.16]
2023-12-23T02:14:40.790-06:00  INFO 25628 --- [main] o.a.c.c.C.[Tomcat].[localhost].[/]       : Initializing Spring embedded WebApplicationContext
2023-12-23T02:14:40.791-06:00  INFO 25628 --- [main] w.s.c.ServletWebServerApplicationContext : Root WebApplicationContext: initialization completed in 1503 ms
2023-12-23T02:14:41.022-06:00  INFO 25628 --- [main] org.mongodb.driver.cluster               : Cluster created with id ClusterId{value='658696f123a379127f8a52be', description='null'} and settings {hosts=[127.0.0.1:27017], srvHost=orb-user-db.bxckw.mongodb.net, mode=LOAD_BALANCED, requiredClusterType=UNKNOWN, serverSelectionTimeout='30000 ms'}
2023-12-23T02:14:41.047-06:00  INFO 25628 --- [cluster-ClusterId{value='658696f123a379127f8a52be', description='null'}-srv-orb-user-db.bxckw.mongodb.net] org.mongodb.driver.cluster               : SRV resolution completed with hosts: [orb-user-db-lb.bxckw.mongodb.net:27017]
2023-12-23T02:14:41.071-06:00  INFO 25628 --- [main] org.mongodb.driver.client                : MongoClient with metadata {"driver": {"name": "mongo-java-driver|sync|spring-boot", "version": "4.11.1"}, "os": {"type": "Windows", "name": "Windows 10", "architecture": "amd64", "version": "10.0"}, "platform": "Java/Oracle Corporation/20.0.1+9-29"} created with settings MongoClientSettings{readPreference=primary, writeConcern=WriteConcern{w=majority, wTimeout=null ms, journal=null}, retryWrites=true, retryReads=true, readConcern=ReadConcern{level=null}, credential=MongoCredential{mechanism=null, userName='livepeer-webhook', source='admin', password=<hidden>, mechanismProperties=<hidden>}, transportSettings=null, streamFactoryFactory=null, commandListeners=[], codecRegistry=ProvidersCodecRegistry{codecProviders=[ValueCodecProvider{}, BsonValueCodecProvider{}, DBRefCodecProvider{}, DBObjectCodecProvider{}, DocumentCodecProvider{}, CollectionCodecProvider{}, IterableCodecProvider{}, MapCodecProvider{}, GeoJsonCodecProvider{}, GridFSFileCodecProvider{}, Jsr310CodecProvider{}, JsonObjectCodecProvider{}, BsonCodecProvider{}, EnumCodecProvider{}, com.mongodb.client.model.mql.ExpressionCodecProvider@1e95b653, com.mongodb.Jep395RecordCodecProvider@6f6c6077, com.mongodb.KotlinCodecProvider@4fc5563d]}, loggerSettings=LoggerSettings{maxDocumentLength=1000}, clusterSettings={hosts=[127.0.0.1:27017], srvHost=orb-user-db.bxckw.mongodb.net, srvServiceName=mongodb, mode=LOAD_BALANCED, requiredClusterType=UNKNOWN, requiredReplicaSetName='null', serverSelector='null', clusterListeners='[]', serverSelectionTimeout='30000 ms', localThreshold='15 ms'}, socketSettings=SocketSettings{connectTimeoutMS=10000, readTimeoutMS=0, receiveBufferSize=0, proxySettings=ProxySettings{host=null, port=null, username=null, password=null}}, heartbeatSocketSettings=SocketSettings{connectTimeoutMS=10000, readTimeoutMS=10000, receiveBufferSize=0, proxySettings=ProxySettings{host=null, port=null, username=null, password=null}}, connectionPoolSettings=ConnectionPoolSettings{maxSize=100, minSize=0, maxWaitTimeMS=120000, maxConnectionLifeTimeMS=0, maxConnectionIdleTimeMS=0, maintenanceInitialDelayMS=0, maintenanceFrequencyMS=60000, connectionPoolListeners=[], maxConnecting=2}, serverSettings=ServerSettings{heartbeatFrequencyMS=10000, minHeartbeatFrequencyMS=500, serverListeners='[]', serverMonitorListeners='[]'}, sslSettings=SslSettings{enabled=true, invalidHostNameAllowed=false, context=null}, applicationName='null', compressorList=[], uuidRepresentation=JAVA_LEGACY, serverApi=null, autoEncryptionSettings=null, dnsClient=null, inetAddressResolver=null, contextProvider=null}
2023-12-23T02:14:41.899-06:00  INFO 25628 --- [main] o.s.b.w.embedded.tomcat.TomcatWebServer  : Tomcat started on port 8080 (http) with context path ''
2023-12-23T02:14:41.906-06:00  INFO 25628 --- [main] o.l.A.A.AssetUploadApplication           : Started AssetUploadApplication in 3.295 seconds (process running for 3.808)
2023-12-23T02:14:49.563-06:00  INFO 25628 --- [http-nio-8080-exec-2] o.a.c.c.C.[Tomcat].[localhost].[/]       : Initializing Spring DispatcherServlet 'dispatcherServlet'
2023-12-23T02:14:49.564-06:00  INFO 25628 --- [http-nio-8080-exec-2] o.s.web.servlet.DispatcherServlet        : Initializing Servlet 'dispatcherServlet'
2023-12-23T02:14:49.567-06:00  INFO 25628 --- [http-nio-8080-exec-2] o.s.web.servlet.DispatcherServlet        : Completed initialization in 3 ms
2023-12-23T02:14:49.636-06:00  INFO 25628 --- [http-nio-8080-exec-2] o.l.A.A.c.AssetUploadController          : Received asset notification: {"id":"dbee0e42-688a-4b31-b572-a3d9da443b04","webhookId":"0206f5cf-cbbb-4ca8-8f88-a3c45bf8a1b2","createdAt":1702889596336,"timestamp":1702889597640,"event":"asset.ready","payload":{"id":"ba40af5e-fe68-4689-86f4-ad0a121326b0","snapshot":{}}}
 
2023-12-23T02:14:49.654-06:00  INFO 25628 --- [http-nio-8080-exec-2] o.l.A.A.c.AssetUploadController          : Asset uploaded {"id":"dbee0e42-688a-4b31-b572-a3d9da443b04","webhookId":"0206f5cf-cbbb-4ca8-8f88-a3c45bf8a1b2","createdAt":1702889596336,"timestamp":1702889597640,"event":"asset.ready","payload":{"id":"ba40af5e-fe68-4689-86f4-ad0a121326b0","snapshot":{}}}

2023-12-23T02:14:50.628-06:00  INFO 25628 --- [http-nio-8080-exec-2] o.l.A.A.c.AssetUploadController          : Fetching video details......
2023-12-23T02:14:51.005-06:00  INFO 25628 --- [http-nio-8080-exec-2] o.l.A.AssetUpload.video.VideoMetadata    : Fetching video thumbnails....
2023-12-23T02:14:51.006-06:00  INFO 25628 --- [http-nio-8080-exec-2] o.l.A.AssetUpload.video.VideoMetadata    : sourceList:[Source(hrn=HLS (TS), type=html5/application/vnd.apple.mpegurl, url=https://lp-playback.com/hls/ba4090h3mpfmw0iy/index.m3u8, size=null, width=null, height=null, bitrate=null)] 
2023-12-23T02:14:51.009-06:00  INFO 25628 --- [http-nio-8080-exec-2] o.l.A.AssetUpload.video.VideoMetadata    : inside m3u8
2023-12-23T02:14:51.010-06:00  INFO 25628 --- [http-nio-8080-exec-2] o.l.A.AssetUpload.video.VideoMetadata    : New video
2023-12-23T02:14:51.011-06:00  INFO 25628 --- [http-nio-8080-exec-2] o.l.A.AssetUpload.video.VideoMetadata    : ***thumbNails produced***
2023-12-23T02:14:51.011-06:00  INFO 25628 --- [http-nio-8080-exec-2] o.l.A.A.c.AssetUploadController          : Asset ready: UploadDetails(id=63e4aba06c3fbc22403890ea, cid=bafybeifatuf6kca26hnnzs5zanyo5mv6x5hkwdyjv3sekghilfsr2tgaye, assetId=ba40af5e-fe68-4689-86f4-ad0a121326b0, livepeer=true, playbackId=ba4090h3mpfmw0iy, timeModified=1703319291011, playbackURL=https://lp-playback.com/hls/ba4090h3mpfmw0iy/index.m3u8, source=null, thumbnails=null, transcodingCompleted=true)
2023-12-23T02:14:51.105-06:00  INFO 25628 --- [http-nio-8080-exec-2] o.l.A.A.c.AssetUploadController          : Asset uploaded!!!
